{"C:\\Users\\UEA-EST\\Documents\\GitHub\\CPA\\backend\\src\\config\\env.ts": {"path":"C:\\Users\\UEA-EST\\Documents\\GitHub\\CPA\\backend\\src\\config\\env.ts","statementMap":{"0":{"start":{"line":1,"column":0},"end":{"line":1,"column":28}},"1":{"start":{"line":2,"column":0},"end":{"line":2,"column":24}},"2":{"start":{"line":4,"column":0},"end":{"line":4,"column":16}},"3":{"start":{"line":6,"column":18},"end":{"line":16,"column":2}},"4":{"start":{"line":18,"column":15},"end":{"line":18,"column":47}},"5":{"start":{"line":20,"column":0},"end":{"line":22,"column":1}},"6":{"start":{"line":21,"column":4},"end":{"line":21,"column":78}},"7":{"start":{"line":24,"column":23},"end":{"line":26,"column":106}},"8":{"start":{"line":25,"column":61},"end":{"line":25,"column":74}},"9":{"start":{"line":28,"column":13},"end":{"line":37,"column":2}},"10":{"start":{"line":39,"column":13},"end":{"line":39,"column":58}}},"fnMap":{"0":{"name":"(anonymous_1)","decl":{"start":{"line":25,"column":49},"end":{"line":25,"column":50}},"loc":{"start":{"line":25,"column":61},"end":{"line":25,"column":74}}}},"branchMap":{"0":{"loc":{"start":{"line":20,"column":0},"end":{"line":22,"column":1}},"type":"if","locations":[{"start":{"line":20,"column":0},"end":{"line":22,"column":1}}]},"1":{"loc":{"start":{"line":24,"column":23},"end":{"line":26,"column":106}},"type":"cond-expr","locations":[{"start":{"line":25,"column":6},"end":{"line":25,"column":91}},{"start":{"line":26,"column":6},"end":{"line":26,"column":106}}]},"2":{"loc":{"start":{"line":34,"column":25},"end":{"line":36,"column":43}},"type":"binary-expr","locations":[{"start":{"line":34,"column":25},"end":{"line":34,"column":56}},{"start":{"line":34,"column":61},"end":{"line":36,"column":42}}]},"3":{"loc":{"start":{"line":34,"column":61},"end":{"line":36,"column":42}},"type":"cond-expr","locations":[{"start":{"line":35,"column":10},"end":{"line":35,"column":34}},{"start":{"line":36,"column":10},"end":{"line":36,"column":42}}]}},"s":{"0":5,"1":5,"2":5,"3":5,"4":5,"5":5,"6":0,"7":5,"8":0,"9":5,"10":5},"f":{"0":0},"b":{"0":[0],"1":[0,5],"2":[5,0],"3":[0,0]}}
,"C:\\Users\\UEA-EST\\Documents\\GitHub\\CPA\\backend\\src\\controllers\\avaliacoesController.ts": {"path":"C:\\Users\\UEA-EST\\Documents\\GitHub\\CPA\\backend\\src\\controllers\\avaliacoesController.ts","statementMap":{"0":{"start":{"line":2,"column":0},"end":{"line":2,"column":62}},"1":{"start":{"line":3,"column":0},"end":{"line":3,"column":61}},"2":{"start":{"line":4,"column":0},"end":{"line":4,"column":74}},"3":{"start":{"line":5,"column":0},"end":{"line":5,"column":67}},"4":{"start":{"line":12,"column":24},"end":{"line":16,"column":2}},"5":{"start":{"line":13,"column":26},"end":{"line":13,"column":95}},"6":{"start":{"line":14,"column":22},"end":{"line":14,"column":74}},"7":{"start":{"line":15,"column":4},"end":{"line":15,"column":82}},"8":{"start":{"line":86,"column":4},"end":{"line":86,"column":19}},"9":{"start":{"line":18,"column":22},"end":{"line":27,"column":2}},"10":{"start":{"line":19,"column":17},"end":{"line":19,"column":73}},"11":{"start":{"line":20,"column":21},"end":{"line":20,"column":97}},"12":{"start":{"line":21,"column":19},"end":{"line":21,"column":90}},"13":{"start":{"line":22,"column":20},"end":{"line":22,"column":60}},"14":{"start":{"line":23,"column":31},"end":{"line":23,"column":33}},"15":{"start":{"line":24,"column":4},"end":{"line":24,"column":112}},"16":{"start":{"line":24,"column":10},"end":{"line":24,"column":101}},"17":{"start":{"line":24,"column":39},"end":{"line":24,"column":101}},"18":{"start":{"line":25,"column":19},"end":{"line":25,"column":109}},"19":{"start":{"line":26,"column":4},"end":{"line":26,"column":33}},"20":{"start":{"line":88,"column":4},"end":{"line":88,"column":17}},"21":{"start":{"line":29,"column":33},"end":{"line":35,"column":2}},"22":{"start":{"line":30,"column":17},"end":{"line":30,"column":25}},"23":{"start":{"line":31,"column":4},"end":{"line":31,"column":101}},"24":{"start":{"line":31,"column":34},"end":{"line":31,"column":101}},"25":{"start":{"line":33,"column":23},"end":{"line":33,"column":138}},"26":{"start":{"line":34,"column":4},"end":{"line":34,"column":37}},"27":{"start":{"line":89,"column":4},"end":{"line":89,"column":28}},"28":{"start":{"line":37,"column":25},"end":{"line":41,"column":2}},"29":{"start":{"line":38,"column":15},"end":{"line":38,"column":52}},"30":{"start":{"line":39,"column":22},"end":{"line":39,"column":67}},"31":{"start":{"line":40,"column":4},"end":{"line":40,"column":24}},"32":{"start":{"line":90,"column":4},"end":{"line":90,"column":20}},"33":{"start":{"line":43,"column":24},"end":{"line":52,"column":2}},"34":{"start":{"line":44,"column":15},"end":{"line":44,"column":52}},"35":{"start":{"line":46,"column":4},"end":{"line":48,"column":5}},"36":{"start":{"line":47,"column":8},"end":{"line":47,"column":67}},"37":{"start":{"line":49,"column":26},"end":{"line":49,"column":95}},"38":{"start":{"line":50,"column":22},"end":{"line":50,"column":78}},"39":{"start":{"line":51,"column":4},"end":{"line":51,"column":86}},"40":{"start":{"line":87,"column":4},"end":{"line":87,"column":19}},"41":{"start":{"line":54,"column":24},"end":{"line":58,"column":2}},"42":{"start":{"line":55,"column":15},"end":{"line":55,"column":52}},"43":{"start":{"line":56,"column":22},"end":{"line":56,"column":65}},"44":{"start":{"line":57,"column":4},"end":{"line":57,"column":83}},"45":{"start":{"line":91,"column":4},"end":{"line":91,"column":19}},"46":{"start":{"line":60,"column":27},"end":{"line":65,"column":2}},"47":{"start":{"line":61,"column":15},"end":{"line":61,"column":52}},"48":{"start":{"line":62,"column":25},"end":{"line":62,"column":33}},"49":{"start":{"line":63,"column":22},"end":{"line":63,"column":69}},"50":{"start":{"line":64,"column":4},"end":{"line":64,"column":86}},"51":{"start":{"line":92,"column":4},"end":{"line":92,"column":22}},"52":{"start":{"line":67,"column":24},"end":{"line":71,"column":2}},"53":{"start":{"line":68,"column":15},"end":{"line":68,"column":52}},"54":{"start":{"line":69,"column":4},"end":{"line":69,"column":39}},"55":{"start":{"line":70,"column":4},"end":{"line":70,"column":73}},"56":{"start":{"line":93,"column":4},"end":{"line":93,"column":19}},"57":{"start":{"line":73,"column":36},"end":{"line":83,"column":2}},"58":{"start":{"line":74,"column":28},"end":{"line":74,"column":38}},"59":{"start":{"line":75,"column":22},"end":{"line":75,"column":41}},"60":{"start":{"line":77,"column":4},"end":{"line":79,"column":5}},"61":{"start":{"line":78,"column":8},"end":{"line":78,"column":75}},"62":{"start":{"line":81,"column":22},"end":{"line":81,"column":100}},"63":{"start":{"line":82,"column":4},"end":{"line":82,"column":40}},"64":{"start":{"line":94,"column":4},"end":{"line":94,"column":31}}},"fnMap":{"0":{"name":"(anonymous_1)","decl":{"start":{"line":12,"column":37},"end":{"line":12,"column":42}},"loc":{"start":{"line":12,"column":75},"end":{"line":16,"column":1}}},"1":{"name":"(anonymous_2)","decl":{"start":{"line":18,"column":35},"end":{"line":18,"column":40}},"loc":{"start":{"line":18,"column":73},"end":{"line":27,"column":1}}},"2":{"name":"(anonymous_3)","decl":{"start":{"line":29,"column":46},"end":{"line":29,"column":51}},"loc":{"start":{"line":29,"column":84},"end":{"line":35,"column":1}}},"3":{"name":"(anonymous_4)","decl":{"start":{"line":37,"column":38},"end":{"line":37,"column":43}},"loc":{"start":{"line":37,"column":76},"end":{"line":41,"column":1}}},"4":{"name":"(anonymous_5)","decl":{"start":{"line":43,"column":37},"end":{"line":43,"column":42}},"loc":{"start":{"line":43,"column":75},"end":{"line":52,"column":1}}},"5":{"name":"(anonymous_6)","decl":{"start":{"line":54,"column":37},"end":{"line":54,"column":42}},"loc":{"start":{"line":54,"column":75},"end":{"line":58,"column":1}}},"6":{"name":"(anonymous_7)","decl":{"start":{"line":60,"column":40},"end":{"line":60,"column":45}},"loc":{"start":{"line":60,"column":78},"end":{"line":65,"column":1}}},"7":{"name":"(anonymous_8)","decl":{"start":{"line":67,"column":37},"end":{"line":67,"column":42}},"loc":{"start":{"line":67,"column":75},"end":{"line":71,"column":1}}},"8":{"name":"(anonymous_9)","decl":{"start":{"line":73,"column":49},"end":{"line":73,"column":54}},"loc":{"start":{"line":73,"column":87},"end":{"line":83,"column":1}}}},"branchMap":{"0":{"loc":{"start":{"line":19,"column":29},"end":{"line":19,"column":72}},"type":"binary-expr","locations":[{"start":{"line":19,"column":29},"end":{"line":19,"column":67}},{"start":{"line":19,"column":71},"end":{"line":19,"column":72}}]},"1":{"loc":{"start":{"line":20,"column":47},"end":{"line":20,"column":95}},"type":"binary-expr","locations":[{"start":{"line":20,"column":47},"end":{"line":20,"column":89}},{"start":{"line":20,"column":93},"end":{"line":20,"column":95}}]},"2":{"loc":{"start":{"line":21,"column":19},"end":{"line":21,"column":90}},"type":"cond-expr","locations":[{"start":{"line":21,"column":38},"end":{"line":21,"column":78}},{"start":{"line":21,"column":81},"end":{"line":21,"column":90}}]},"3":{"loc":{"start":{"line":22,"column":20},"end":{"line":22,"column":60}},"type":"binary-expr","locations":[{"start":{"line":22,"column":20},"end":{"line":22,"column":47}},{"start":{"line":22,"column":51},"end":{"line":22,"column":60}}]},"4":{"loc":{"start":{"line":24,"column":10},"end":{"line":24,"column":101}},"type":"if","locations":[{"start":{"line":24,"column":10},"end":{"line":24,"column":101}}]},"5":{"loc":{"start":{"line":31,"column":4},"end":{"line":31,"column":101}},"type":"if","locations":[{"start":{"line":31,"column":4},"end":{"line":31,"column":101}}]},"6":{"loc":{"start":{"line":31,"column":8},"end":{"line":31,"column":32}},"type":"binary-expr","locations":[{"start":{"line":31,"column":8},"end":{"line":31,"column":13}},{"start":{"line":31,"column":17},"end":{"line":31,"column":32}}]},"7":{"loc":{"start":{"line":46,"column":4},"end":{"line":48,"column":5}},"type":"if","locations":[{"start":{"line":46,"column":4},"end":{"line":48,"column":5}}]},"8":{"loc":{"start":{"line":77,"column":4},"end":{"line":79,"column":5}},"type":"if","locations":[{"start":{"line":77,"column":4},"end":{"line":79,"column":5}}]}},"s":{"0":5,"1":5,"2":5,"3":5,"4":5,"5":2,"6":2,"7":1,"8":5,"9":5,"10":1,"11":1,"12":1,"13":1,"14":1,"15":1,"16":1,"17":0,"18":1,"19":1,"20":5,"21":5,"22":0,"23":0,"24":0,"25":0,"26":0,"27":5,"28":5,"29":0,"30":0,"31":0,"32":5,"33":5,"34":0,"35":0,"36":0,"37":0,"38":0,"39":0,"40":5,"41":5,"42":0,"43":0,"44":0,"45":5,"46":5,"47":0,"48":0,"49":0,"50":0,"51":5,"52":5,"53":1,"54":1,"55":1,"56":5,"57":5,"58":0,"59":0,"60":0,"61":0,"62":0,"63":0,"64":5},"f":{"0":2,"1":1,"2":0,"3":0,"4":0,"5":0,"6":0,"7":1,"8":0},"b":{"0":[1,1],"1":[1,0],"2":[0,1],"3":[1,1],"4":[0],"5":[0],"6":[0,0],"7":[0],"8":[0]}}
,"C:\\Users\\UEA-EST\\Documents\\GitHub\\CPA\\backend\\src\\controllers\\respostasController.ts": {"path":"C:\\Users\\UEA-EST\\Documents\\GitHub\\CPA\\backend\\src\\controllers\\respostasController.ts","statementMap":{"0":{"start":{"line":2,"column":0},"end":{"line":2,"column":60}},"1":{"start":{"line":3,"column":0},"end":{"line":3,"column":61}},"2":{"start":{"line":4,"column":0},"end":{"line":4,"column":73}},"3":{"start":{"line":11,"column":24},"end":{"line":19,"column":2}},"4":{"start":{"line":13,"column":4},"end":{"line":13,"column":74}},"5":{"start":{"line":15,"column":18},"end":{"line":15,"column":34}},"6":{"start":{"line":16,"column":4},"end":{"line":16,"column":106}},"7":{"start":{"line":18,"column":4},"end":{"line":18,"column":71}},"8":{"start":{"line":49,"column":4},"end":{"line":49,"column":19}},"9":{"start":{"line":21,"column":32},"end":{"line":31,"column":2}},"10":{"start":{"line":22,"column":24},"end":{"line":22,"column":70}},"11":{"start":{"line":23,"column":42},"end":{"line":23,"column":51}},"12":{"start":{"line":25,"column":22},"end":{"line":29,"column":6}},"13":{"start":{"line":30,"column":4},"end":{"line":30,"column":24}},"14":{"start":{"line":50,"column":4},"end":{"line":50,"column":27}},"15":{"start":{"line":33,"column":32},"end":{"line":41,"column":2}},"16":{"start":{"line":34,"column":24},"end":{"line":34,"column":61}},"17":{"start":{"line":35,"column":31},"end":{"line":35,"column":40}},"18":{"start":{"line":36,"column":22},"end":{"line":39,"column":6}},"19":{"start":{"line":40,"column":4},"end":{"line":40,"column":24}},"20":{"start":{"line":51,"column":4},"end":{"line":51,"column":27}},"21":{"start":{"line":43,"column":31},"end":{"line":46,"column":2}},"22":{"start":{"line":44,"column":17},"end":{"line":44,"column":64}},"23":{"start":{"line":45,"column":4},"end":{"line":45,"column":19}},"24":{"start":{"line":52,"column":4},"end":{"line":52,"column":26}}},"fnMap":{"0":{"name":"(anonymous_1)","decl":{"start":{"line":11,"column":37},"end":{"line":11,"column":42}},"loc":{"start":{"line":11,"column":75},"end":{"line":19,"column":1}}},"1":{"name":"(anonymous_2)","decl":{"start":{"line":21,"column":45},"end":{"line":21,"column":50}},"loc":{"start":{"line":21,"column":83},"end":{"line":31,"column":1}}},"2":{"name":"(anonymous_3)","decl":{"start":{"line":33,"column":45},"end":{"line":33,"column":50}},"loc":{"start":{"line":33,"column":83},"end":{"line":41,"column":1}}},"3":{"name":"(anonymous_4)","decl":{"start":{"line":43,"column":44},"end":{"line":43,"column":49}},"loc":{"start":{"line":43,"column":83},"end":{"line":46,"column":1}}}},"branchMap":{},"s":{"0":5,"1":5,"2":5,"3":5,"4":6,"5":6,"6":6,"7":3,"8":5,"9":5,"10":2,"11":2,"12":2,"13":2,"14":5,"15":5,"16":1,"17":1,"18":1,"19":1,"20":5,"21":5,"22":0,"23":0,"24":5},"f":{"0":6,"1":2,"2":1,"3":0},"b":{}}
,"C:\\Users\\UEA-EST\\Documents\\GitHub\\CPA\\backend\\src\\middleware\\authMiddleware.ts": {"path":"C:\\Users\\UEA-EST\\Documents\\GitHub\\CPA\\backend\\src\\middleware\\authMiddleware.ts","statementMap":{"0":{"start":{"line":83,"column":4},"end":{"line":83,"column":21}},"1":{"start":{"line":84,"column":4},"end":{"line":84,"column":13}},"2":{"start":{"line":2,"column":0},"end":{"line":2,"column":27}},"3":{"start":{"line":3,"column":0},"end":{"line":3,"column":31}},"4":{"start":{"line":4,"column":0},"end":{"line":4,"column":24}},"5":{"start":{"line":7,"column":25},"end":{"line":7,"column":35}},"6":{"start":{"line":10,"column":4},"end":{"line":10,"column":35}},"7":{"start":{"line":10,"column":23},"end":{"line":10,"column":35}},"8":{"start":{"line":12,"column":18},"end":{"line":12,"column":41}},"9":{"start":{"line":13,"column":4},"end":{"line":18,"column":5}},"10":{"start":{"line":14,"column":38},"end":{"line":14,"column":60}},"11":{"start":{"line":15,"column":8},"end":{"line":17,"column":9}},"12":{"start":{"line":16,"column":12},"end":{"line":16,"column":60}},"13":{"start":{"line":20,"column":4},"end":{"line":20,"column":16}},"14":{"start":{"line":23,"column":22},"end":{"line":35,"column":2}},"15":{"start":{"line":38,"column":24},"end":{"line":38,"column":58}},"16":{"start":{"line":39,"column":18},"end":{"line":39,"column":29}},"17":{"start":{"line":41,"column":4},"end":{"line":43,"column":5}},"18":{"start":{"line":42,"column":8},"end":{"line":42,"column":35}},"19":{"start":{"line":45,"column":19},"end":{"line":45,"column":41}},"20":{"start":{"line":46,"column":4},"end":{"line":49,"column":5}},"21":{"start":{"line":47,"column":8},"end":{"line":47,"column":53}},"22":{"start":{"line":48,"column":8},"end":{"line":48,"column":35}},"23":{"start":{"line":51,"column":4},"end":{"line":66,"column":7}},"24":{"start":{"line":52,"column":8},"end":{"line":57,"column":9}},"25":{"start":{"line":53,"column":12},"end":{"line":55,"column":13}},"26":{"start":{"line":54,"column":16},"end":{"line":54,"column":97}},"27":{"start":{"line":56,"column":12},"end":{"line":56,"column":39}},"28":{"start":{"line":59,"column":23},"end":{"line":59,"column":52}},"29":{"start":{"line":60,"column":8},"end":{"line":62,"column":9}},"30":{"start":{"line":61,"column":12},"end":{"line":61,"column":39}},"31":{"start":{"line":64,"column":8},"end":{"line":64,"column":50}},"32":{"start":{"line":65,"column":8},"end":{"line":65,"column":15}},"33":{"start":{"line":70,"column":4},"end":{"line":79,"column":6}},"34":{"start":{"line":71,"column":8},"end":{"line":71,"column":50}},"35":{"start":{"line":71,"column":23},"end":{"line":71,"column":50}},"36":{"start":{"line":73,"column":24},"end":{"line":73,"column":61}},"37":{"start":{"line":74,"column":8},"end":{"line":76,"column":9}},"38":{"start":{"line":75,"column":12},"end":{"line":75,"column":39}},"39":{"start":{"line":78,"column":8},"end":{"line":78,"column":15}}},"fnMap":{"0":{"name":"getCookieToken","decl":{"start":{"line":9,"column":9},"end":{"line":9,"column":23}},"loc":{"start":{"line":9,"column":56},"end":{"line":21,"column":1}}},"1":{"name":"authenticateToken","decl":{"start":{"line":37,"column":9},"end":{"line":37,"column":26}},"loc":{"start":{"line":37,"column":74},"end":{"line":67,"column":1}}},"2":{"name":"(anonymous_3)","decl":{"start":{"line":51,"column":30},"end":{"line":51,"column":31}},"loc":{"start":{"line":51,"column":54},"end":{"line":66,"column":5}}},"3":{"name":"authorize","decl":{"start":{"line":69,"column":9},"end":{"line":69,"column":18}},"loc":{"start":{"line":69,"column":42},"end":{"line":80,"column":1}}},"4":{"name":"(anonymous_5)","decl":{"start":{"line":70,"column":11},"end":{"line":70,"column":12}},"loc":{"start":{"line":70,"column":63},"end":{"line":79,"column":5}}}},"branchMap":{"0":{"loc":{"start":{"line":10,"column":4},"end":{"line":10,"column":35}},"type":"if","locations":[{"start":{"line":10,"column":4},"end":{"line":10,"column":35}}]},"1":{"loc":{"start":{"line":15,"column":8},"end":{"line":17,"column":9}},"type":"if","locations":[{"start":{"line":15,"column":8},"end":{"line":17,"column":9}}]},"2":{"loc":{"start":{"line":41,"column":4},"end":{"line":43,"column":5}},"type":"if","locations":[{"start":{"line":41,"column":4},"end":{"line":43,"column":5}}]},"3":{"loc":{"start":{"line":46,"column":4},"end":{"line":49,"column":5}},"type":"if","locations":[{"start":{"line":46,"column":4},"end":{"line":49,"column":5}}]},"4":{"loc":{"start":{"line":52,"column":8},"end":{"line":57,"column":9}},"type":"if","locations":[{"start":{"line":52,"column":8},"end":{"line":57,"column":9}}]},"5":{"loc":{"start":{"line":53,"column":12},"end":{"line":55,"column":13}},"type":"if","locations":[{"start":{"line":53,"column":12},"end":{"line":55,"column":13}}]},"6":{"loc":{"start":{"line":60,"column":8},"end":{"line":62,"column":9}},"type":"if","locations":[{"start":{"line":60,"column":8},"end":{"line":62,"column":9}}]},"7":{"loc":{"start":{"line":71,"column":8},"end":{"line":71,"column":50}},"type":"if","locations":[{"start":{"line":71,"column":8},"end":{"line":71,"column":50}}]},"8":{"loc":{"start":{"line":74,"column":8},"end":{"line":76,"column":9}},"type":"if","locations":[{"start":{"line":74,"column":8},"end":{"line":76,"column":9}}]}},"s":{"0":5,"1":5,"2":5,"3":5,"4":5,"5":5,"6":35,"7":2,"8":33,"9":33,"10":33,"11":33,"12":33,"13":0,"14":5,"15":35,"16":35,"17":35,"18":2,"19":33,"20":33,"21":0,"22":0,"23":33,"24":33,"25":0,"26":0,"27":0,"28":33,"29":33,"30":0,"31":33,"32":33,"33":45,"34":8,"35":0,"36":8,"37":8,"38":1,"39":7},"f":{"0":35,"1":35,"2":33,"3":45,"4":8},"b":{"0":[2],"1":[33],"2":[2],"3":[0],"4":[0],"5":[0],"6":[0],"7":[0],"8":[1]}}
,"C:\\Users\\UEA-EST\\Documents\\GitHub\\CPA\\backend\\src\\middleware\\errorMiddleware.ts": {"path":"C:\\Users\\UEA-EST\\Documents\\GitHub\\CPA\\backend\\src\\middleware\\errorMiddleware.ts","statementMap":{"0":{"start":{"line":2,"column":0},"end":{"line":2,"column":38}},"1":{"start":{"line":12,"column":8},"end":{"line":12,"column":23}},"2":{"start":{"line":13,"column":8},"end":{"line":13,"column":37}},"3":{"start":{"line":14,"column":8},"end":{"line":14,"column":43}},"4":{"start":{"line":15,"column":8},"end":{"line":15,"column":56}},"5":{"start":{"line":7,"column":0},"end":{"line":7,"column":13}},"6":{"start":{"line":22,"column":28},"end":{"line":24,"column":1}},"7":{"start":{"line":22,"column":41},"end":{"line":24,"column":1}},"8":{"start":{"line":23,"column":4},"end":{"line":23,"column":52}},"9":{"start":{"line":22,"column":13},"end":{"line":22,"column":28}},"10":{"start":{"line":29,"column":28},"end":{"line":53,"column":1}},"11":{"start":{"line":30,"column":4},"end":{"line":36,"column":5}},"12":{"start":{"line":31,"column":8},"end":{"line":35,"column":11}},"13":{"start":{"line":38,"column":23},"end":{"line":38,"column":44}},"14":{"start":{"line":39,"column":20},"end":{"line":39,"column":58}},"15":{"start":{"line":41,"column":4},"end":{"line":41,"column":82}},"16":{"start":{"line":42,"column":4},"end":{"line":44,"column":5}},"17":{"start":{"line":43,"column":8},"end":{"line":43,"column":33}},"18":{"start":{"line":46,"column":4},"end":{"line":52,"column":7}},"19":{"start":{"line":29,"column":13},"end":{"line":29,"column":28}}},"fnMap":{"0":{"name":"(anonymous_0)","decl":{"start":{"line":11,"column":4},"end":{"line":11,"column":16}},"loc":{"start":{"line":11,"column":88},"end":{"line":16,"column":5}}},"1":{"name":"(anonymous_1)","decl":{"start":{"line":22,"column":28},"end":{"line":22,"column":29}},"loc":{"start":{"line":22,"column":41},"end":{"line":24,"column":1}}},"2":{"name":"(anonymous_2)","decl":{"start":{"line":22,"column":41},"end":{"line":22,"column":42}},"loc":{"start":{"line":22,"column":93},"end":{"line":24,"column":1}}},"3":{"name":"(anonymous_3)","decl":{"start":{"line":29,"column":28},"end":{"line":29,"column":29}},"loc":{"start":{"line":29,"column":90},"end":{"line":53,"column":1}}}},"branchMap":{"0":{"loc":{"start":{"line":11,"column":33},"end":{"line":11,"column":57}},"type":"default-arg","locations":[{"start":{"line":11,"column":54},"end":{"line":11,"column":57}}]},"1":{"loc":{"start":{"line":11,"column":59},"end":{"line":11,"column":88}},"type":"default-arg","locations":[{"start":{"line":11,"column":84},"end":{"line":11,"column":88}}]},"2":{"loc":{"start":{"line":30,"column":4},"end":{"line":36,"column":5}},"type":"if","locations":[{"start":{"line":30,"column":4},"end":{"line":36,"column":5}}]},"3":{"loc":{"start":{"line":38,"column":23},"end":{"line":38,"column":44}},"type":"binary-expr","locations":[{"start":{"line":38,"column":23},"end":{"line":38,"column":37}},{"start":{"line":38,"column":41},"end":{"line":38,"column":44}}]},"4":{"loc":{"start":{"line":39,"column":20},"end":{"line":39,"column":58}},"type":"binary-expr","locations":[{"start":{"line":39,"column":20},"end":{"line":39,"column":31}},{"start":{"line":39,"column":35},"end":{"line":39,"column":58}}]},"5":{"loc":{"start":{"line":42,"column":4},"end":{"line":44,"column":5}},"type":"if","locations":[{"start":{"line":42,"column":4},"end":{"line":44,"column":5}}]},"6":{"loc":{"start":{"line":49,"column":17},"end":{"line":51,"column":21}},"type":"cond-expr","locations":[{"start":{"line":50,"column":14},"end":{"line":50,"column":52}},{"start":{"line":51,"column":14},"end":{"line":51,"column":21}}]},"7":{"loc":{"start":{"line":49,"column":17},"end":{"line":49,"column":76}},"type":"binary-expr","locations":[{"start":{"line":49,"column":17},"end":{"line":49,"column":35}},{"start":{"line":49,"column":39},"end":{"line":49,"column":76}}]}},"s":{"0":5,"1":9,"2":9,"3":9,"4":9,"5":5,"6":5,"7":65,"8":13,"9":5,"10":5,"11":4,"12":0,"13":4,"14":4,"15":4,"16":4,"17":0,"18":4,"19":5},"f":{"0":9,"1":65,"2":13,"3":4},"b":{"0":[0],"1":[9],"2":[0],"3":[4,0],"4":[4,0],"5":[0],"6":[0,4],"7":[4,0]}}
,"C:\\Users\\UEA-EST\\Documents\\GitHub\\CPA\\backend\\src\\repositories\\avaliacaoRepository.ts": {"path":"C:\\Users\\UEA-EST\\Documents\\GitHub\\CPA\\backend\\src\\repositories\\avaliacaoRepository.ts","statementMap":{"0":{"start":{"line":2,"column":0},"end":{"line":2,"column":36}},"1":{"start":{"line":3,"column":0},"end":{"line":3,"column":59}},"2":{"start":{"line":4,"column":0},"end":{"line":4,"column":55}},"3":{"start":{"line":5,"column":0},"end":{"line":5,"column":63}},"4":{"start":{"line":6,"column":0},"end":{"line":6,"column":65}},"5":{"start":{"line":7,"column":0},"end":{"line":7,"column":59}},"6":{"start":{"line":14,"column":15},"end":{"line":16,"column":1}},"7":{"start":{"line":15,"column":4},"end":{"line":15,"column":45}},"8":{"start":{"line":311,"column":4},"end":{"line":311,"column":10}},"9":{"start":{"line":21,"column":17},"end":{"line":40,"column":1}},"10":{"start":{"line":22,"column":4},"end":{"line":39,"column":7}},"11":{"start":{"line":314,"column":4},"end":{"line":314,"column":12}},"12":{"start":{"line":42,"column":25},"end":{"line":57,"column":11}},"13":{"start":{"line":62,"column":26},"end":{"line":73,"column":1}},"14":{"start":{"line":63,"column":4},"end":{"line":72,"column":7}},"15":{"start":{"line":315,"column":4},"end":{"line":315,"column":21}},"16":{"start":{"line":78,"column":17},"end":{"line":99,"column":1}},"17":{"start":{"line":79,"column":4},"end":{"line":98,"column":7}},"18":{"start":{"line":316,"column":4},"end":{"line":316,"column":12}},"19":{"start":{"line":104,"column":23},"end":{"line":115,"column":1}},"20":{"start":{"line":105,"column":4},"end":{"line":114,"column":7}},"21":{"start":{"line":317,"column":4},"end":{"line":317,"column":18}},"22":{"start":{"line":120,"column":24},"end":{"line":170,"column":1}},"23":{"start":{"line":127,"column":46},"end":{"line":131,"column":6}},"24":{"start":{"line":134,"column":4},"end":{"line":136,"column":5}},"25":{"start":{"line":135,"column":8},"end":{"line":135,"column":82}},"26":{"start":{"line":139,"column":4},"end":{"line":141,"column":5}},"27":{"start":{"line":140,"column":8},"end":{"line":140,"column":93}},"28":{"start":{"line":144,"column":4},"end":{"line":154,"column":5}},"29":{"start":{"line":145,"column":55},"end":{"line":145,"column":57}},"30":{"start":{"line":146,"column":8},"end":{"line":148,"column":9}},"31":{"start":{"line":147,"column":12},"end":{"line":147,"column":83}},"32":{"start":{"line":149,"column":8},"end":{"line":151,"column":9}},"33":{"start":{"line":150,"column":12},"end":{"line":150,"column":85}},"34":{"start":{"line":153,"column":8},"end":{"line":153,"column":92}},"35":{"start":{"line":156,"column":4},"end":{"line":169,"column":7}},"36":{"start":{"line":318,"column":4},"end":{"line":318,"column":19}},"37":{"start":{"line":177,"column":32},"end":{"line":184,"column":1}},"38":{"start":{"line":178,"column":4},"end":{"line":183,"column":7}},"39":{"start":{"line":319,"column":4},"end":{"line":319,"column":27}},"40":{"start":{"line":189,"column":30},"end":{"line":194,"column":1}},"41":{"start":{"line":190,"column":4},"end":{"line":193,"column":7}},"42":{"start":{"line":320,"column":4},"end":{"line":320,"column":25}},"43":{"start":{"line":199,"column":32},"end":{"line":201,"column":1}},"44":{"start":{"line":200,"column":4},"end":{"line":200,"column":89}},"45":{"start":{"line":321,"column":4},"end":{"line":321,"column":27}},"46":{"start":{"line":206,"column":37},"end":{"line":208,"column":1}},"47":{"start":{"line":207,"column":4},"end":{"line":207,"column":94}},"48":{"start":{"line":322,"column":4},"end":{"line":322,"column":32}},"49":{"start":{"line":212,"column":25},"end":{"line":213,"column":37}},"50":{"start":{"line":213,"column":4},"end":{"line":213,"column":37}},"51":{"start":{"line":323,"column":4},"end":{"line":323,"column":20}},"52":{"start":{"line":215,"column":23},"end":{"line":216,"column":59}},"53":{"start":{"line":216,"column":4},"end":{"line":216,"column":59}},"54":{"start":{"line":324,"column":4},"end":{"line":324,"column":18}},"55":{"start":{"line":218,"column":27},"end":{"line":219,"column":39}},"56":{"start":{"line":219,"column":4},"end":{"line":219,"column":39}},"57":{"start":{"line":325,"column":4},"end":{"line":325,"column":22}},"58":{"start":{"line":221,"column":28},"end":{"line":222,"column":40}},"59":{"start":{"line":222,"column":4},"end":{"line":222,"column":40}},"60":{"start":{"line":326,"column":4},"end":{"line":326,"column":23}},"61":{"start":{"line":224,"column":25},"end":{"line":225,"column":37}},"62":{"start":{"line":225,"column":4},"end":{"line":225,"column":37}},"63":{"start":{"line":327,"column":4},"end":{"line":327,"column":20}},"64":{"start":{"line":232,"column":15},"end":{"line":234,"column":1}},"65":{"start":{"line":233,"column":4},"end":{"line":233,"column":60}},"66":{"start":{"line":328,"column":4},"end":{"line":328,"column":10}},"67":{"start":{"line":239,"column":26},"end":{"line":244,"column":1}},"68":{"start":{"line":240,"column":4},"end":{"line":243,"column":7}},"69":{"start":{"line":312,"column":4},"end":{"line":312,"column":21}},"70":{"start":{"line":249,"column":25},"end":{"line":254,"column":1}},"71":{"start":{"line":250,"column":4},"end":{"line":253,"column":7}},"72":{"start":{"line":313,"column":4},"end":{"line":313,"column":20}},"73":{"start":{"line":259,"column":15},"end":{"line":261,"column":1}},"74":{"start":{"line":260,"column":4},"end":{"line":260,"column":54}},"75":{"start":{"line":329,"column":4},"end":{"line":329,"column":10}},"76":{"start":{"line":266,"column":29},"end":{"line":275,"column":1}},"77":{"start":{"line":267,"column":4},"end":{"line":274,"column":7}},"78":{"start":{"line":330,"column":4},"end":{"line":330,"column":24}},"79":{"start":{"line":280,"column":47},"end":{"line":292,"column":1}},"80":{"start":{"line":281,"column":4},"end":{"line":291,"column":7}},"81":{"start":{"line":332,"column":4},"end":{"line":332,"column":42}},"82":{"start":{"line":297,"column":40},"end":{"line":308,"column":1}},"83":{"start":{"line":298,"column":4},"end":{"line":307,"column":7}},"84":{"start":{"line":331,"column":4},"end":{"line":331,"column":35}}},"fnMap":{"0":{"name":"(anonymous_10)","decl":{"start":{"line":14,"column":15},"end":{"line":14,"column":16}},"loc":{"start":{"line":14,"column":53},"end":{"line":16,"column":1}}},"1":{"name":"(anonymous_11)","decl":{"start":{"line":21,"column":17},"end":{"line":21,"column":20}},"loc":{"start":{"line":21,"column":22},"end":{"line":40,"column":1}}},"2":{"name":"(anonymous_12)","decl":{"start":{"line":62,"column":26},"end":{"line":62,"column":27}},"loc":{"start":{"line":62,"column":119},"end":{"line":73,"column":1}}},"3":{"name":"(anonymous_13)","decl":{"start":{"line":78,"column":17},"end":{"line":78,"column":18}},"loc":{"start":{"line":78,"column":32},"end":{"line":99,"column":1}}},"4":{"name":"(anonymous_14)","decl":{"start":{"line":104,"column":23},"end":{"line":104,"column":24}},"loc":{"start":{"line":104,"column":38},"end":{"line":115,"column":1}}},"5":{"name":"(anonymous_15)","decl":{"start":{"line":120,"column":24},"end":{"line":120,"column":null}},"loc":{"start":{"line":126,"column":4},"end":{"line":170,"column":1}}},"6":{"name":"(anonymous_16)","decl":{"start":{"line":177,"column":32},"end":{"line":177,"column":33}},"loc":{"start":{"line":177,"column":75},"end":{"line":184,"column":1}}},"7":{"name":"(anonymous_17)","decl":{"start":{"line":189,"column":30},"end":{"line":189,"column":31}},"loc":{"start":{"line":189,"column":54},"end":{"line":194,"column":1}}},"8":{"name":"(anonymous_18)","decl":{"start":{"line":199,"column":32},"end":{"line":199,"column":33}},"loc":{"start":{"line":199,"column":50},"end":{"line":201,"column":1}}},"9":{"name":"(anonymous_19)","decl":{"start":{"line":206,"column":37},"end":{"line":206,"column":38}},"loc":{"start":{"line":206,"column":55},"end":{"line":208,"column":1}}},"10":{"name":"(anonymous_20)","decl":{"start":{"line":212,"column":25},"end":{"line":212,"column":26}},"loc":{"start":{"line":213,"column":4},"end":{"line":213,"column":37}}},"11":{"name":"(anonymous_21)","decl":{"start":{"line":215,"column":23},"end":{"line":215,"column":24}},"loc":{"start":{"line":216,"column":4},"end":{"line":216,"column":59}}},"12":{"name":"(anonymous_22)","decl":{"start":{"line":218,"column":27},"end":{"line":218,"column":28}},"loc":{"start":{"line":219,"column":4},"end":{"line":219,"column":39}}},"13":{"name":"(anonymous_23)","decl":{"start":{"line":221,"column":28},"end":{"line":221,"column":29}},"loc":{"start":{"line":222,"column":4},"end":{"line":222,"column":40}}},"14":{"name":"(anonymous_24)","decl":{"start":{"line":224,"column":25},"end":{"line":224,"column":26}},"loc":{"start":{"line":225,"column":4},"end":{"line":225,"column":37}}},"15":{"name":"(anonymous_25)","decl":{"start":{"line":232,"column":15},"end":{"line":232,"column":16}},"loc":{"start":{"line":232,"column":65},"end":{"line":234,"column":1}}},"16":{"name":"(anonymous_26)","decl":{"start":{"line":239,"column":26},"end":{"line":239,"column":29}},"loc":{"start":{"line":239,"column":31},"end":{"line":244,"column":1}}},"17":{"name":"(anonymous_27)","decl":{"start":{"line":249,"column":25},"end":{"line":249,"column":28}},"loc":{"start":{"line":249,"column":30},"end":{"line":254,"column":1}}},"18":{"name":"(anonymous_28)","decl":{"start":{"line":259,"column":15},"end":{"line":259,"column":16}},"loc":{"start":{"line":259,"column":30},"end":{"line":261,"column":1}}},"19":{"name":"(anonymous_29)","decl":{"start":{"line":266,"column":29},"end":{"line":266,"column":30}},"loc":{"start":{"line":266,"column":44},"end":{"line":275,"column":1}}},"20":{"name":"(anonymous_30)","decl":{"start":{"line":280,"column":47},"end":{"line":280,"column":48}},"loc":{"start":{"line":280,"column":93},"end":{"line":292,"column":1}}},"21":{"name":"(anonymous_31)","decl":{"start":{"line":297,"column":40},"end":{"line":297,"column":41}},"loc":{"start":{"line":297,"column":55},"end":{"line":308,"column":1}}}},"branchMap":{"0":{"loc":{"start":{"line":134,"column":4},"end":{"line":136,"column":5}},"type":"if","locations":[{"start":{"line":134,"column":4},"end":{"line":136,"column":5}}]},"1":{"loc":{"start":{"line":139,"column":4},"end":{"line":141,"column":5}},"type":"if","locations":[{"start":{"line":139,"column":4},"end":{"line":141,"column":5}}]},"2":{"loc":{"start":{"line":139,"column":8},"end":{"line":139,"column":55}},"type":"binary-expr","locations":[{"start":{"line":139,"column":8},"end":{"line":139,"column":24}},{"start":{"line":139,"column":28},"end":{"line":139,"column":55}}]},"3":{"loc":{"start":{"line":144,"column":4},"end":{"line":154,"column":5}},"type":"if","locations":[{"start":{"line":144,"column":4},"end":{"line":154,"column":5}}]},"4":{"loc":{"start":{"line":144,"column":8},"end":{"line":144,"column":35}},"type":"binary-expr","locations":[{"start":{"line":144,"column":8},"end":{"line":144,"column":19}},{"start":{"line":144,"column":23},"end":{"line":144,"column":35}}]},"5":{"loc":{"start":{"line":146,"column":8},"end":{"line":148,"column":9}},"type":"if","locations":[{"start":{"line":146,"column":8},"end":{"line":148,"column":9}}]},"6":{"loc":{"start":{"line":149,"column":8},"end":{"line":151,"column":9}},"type":"if","locations":[{"start":{"line":149,"column":8},"end":{"line":151,"column":9}}]},"7":{"loc":{"start":{"line":153,"column":32},"end":{"line":153,"column":89}},"type":"cond-expr","locations":[{"start":{"line":153,"column":57},"end":{"line":153,"column":69}},{"start":{"line":153,"column":72},"end":{"line":153,"column":89}}]}},"s":{"0":5,"1":5,"2":5,"3":5,"4":5,"5":5,"6":5,"7":1,"8":5,"9":5,"10":0,"11":5,"12":5,"13":5,"14":1,"15":5,"16":5,"17":0,"18":5,"19":5,"20":1,"21":5,"22":5,"23":0,"24":0,"25":0,"26":0,"27":0,"28":0,"29":0,"30":0,"31":0,"32":0,"33":0,"34":0,"35":0,"36":5,"37":5,"38":0,"39":5,"40":5,"41":1,"42":5,"43":5,"44":1,"45":5,"46":5,"47":1,"48":5,"49":5,"50":2,"51":5,"52":5,"53":1,"54":5,"55":5,"56":2,"57":5,"58":5,"59":1,"60":5,"61":5,"62":2,"63":5,"64":5,"65":0,"66":5,"67":5,"68":1,"69":5,"70":5,"71":1,"72":5,"73":5,"74":1,"75":5,"76":5,"77":0,"78":5,"79":5,"80":0,"81":5,"82":5,"83":5,"84":5},"f":{"0":1,"1":0,"2":1,"3":0,"4":1,"5":0,"6":0,"7":1,"8":1,"9":1,"10":2,"11":1,"12":2,"13":1,"14":2,"15":0,"16":1,"17":1,"18":1,"19":0,"20":0,"21":5},"b":{"0":[0],"1":[0],"2":[0,0],"3":[0],"4":[0,0],"5":[0],"6":[0],"7":[0,0]}}
,"C:\\Users\\UEA-EST\\Documents\\GitHub\\CPA\\backend\\src\\repositories\\categoriasRepository.ts": {"path":"C:\\Users\\UEA-EST\\Documents\\GitHub\\CPA\\backend\\src\\repositories\\categoriasRepository.ts","statementMap":{"0":{"start":{"line":2,"column":0},"end":{"line":2,"column":36}},"1":{"start":{"line":7,"column":16},"end":{"line":11,"column":1}},"2":{"start":{"line":8,"column":4},"end":{"line":10,"column":7}},"3":{"start":{"line":67,"column":4},"end":{"line":67,"column":11}},"4":{"start":{"line":16,"column":17},"end":{"line":20,"column":1}},"5":{"start":{"line":17,"column":4},"end":{"line":19,"column":7}},"6":{"start":{"line":68,"column":4},"end":{"line":68,"column":12}},"7":{"start":{"line":25,"column":18},"end":{"line":29,"column":1}},"8":{"start":{"line":26,"column":4},"end":{"line":28,"column":7}},"9":{"start":{"line":69,"column":4},"end":{"line":69,"column":13}},"10":{"start":{"line":34,"column":15},"end":{"line":36,"column":1}},"11":{"start":{"line":35,"column":4},"end":{"line":35,"column":46}},"12":{"start":{"line":70,"column":4},"end":{"line":70,"column":10}},"13":{"start":{"line":41,"column":15},"end":{"line":46,"column":1}},"14":{"start":{"line":42,"column":4},"end":{"line":45,"column":7}},"15":{"start":{"line":71,"column":4},"end":{"line":71,"column":10}},"16":{"start":{"line":51,"column":15},"end":{"line":55,"column":1}},"17":{"start":{"line":52,"column":4},"end":{"line":54,"column":7}},"18":{"start":{"line":72,"column":4},"end":{"line":72,"column":10}},"19":{"start":{"line":60,"column":19},"end":{"line":64,"column":1}},"20":{"start":{"line":61,"column":4},"end":{"line":63,"column":7}},"21":{"start":{"line":73,"column":4},"end":{"line":73,"column":14}}},"fnMap":{"0":{"name":"(anonymous_1)","decl":{"start":{"line":7,"column":16},"end":{"line":7,"column":19}},"loc":{"start":{"line":7,"column":21},"end":{"line":11,"column":1}}},"1":{"name":"(anonymous_2)","decl":{"start":{"line":16,"column":17},"end":{"line":16,"column":18}},"loc":{"start":{"line":16,"column":32},"end":{"line":20,"column":1}}},"2":{"name":"(anonymous_3)","decl":{"start":{"line":25,"column":18},"end":{"line":25,"column":19}},"loc":{"start":{"line":25,"column":36},"end":{"line":29,"column":1}}},"3":{"name":"(anonymous_4)","decl":{"start":{"line":34,"column":15},"end":{"line":34,"column":16}},"loc":{"start":{"line":34,"column":54},"end":{"line":36,"column":1}}},"4":{"name":"(anonymous_5)","decl":{"start":{"line":41,"column":15},"end":{"line":41,"column":16}},"loc":{"start":{"line":41,"column":66},"end":{"line":46,"column":1}}},"5":{"name":"(anonymous_6)","decl":{"start":{"line":51,"column":15},"end":{"line":51,"column":16}},"loc":{"start":{"line":51,"column":30},"end":{"line":55,"column":1}}},"6":{"name":"(anonymous_7)","decl":{"start":{"line":60,"column":19},"end":{"line":60,"column":20}},"loc":{"start":{"line":60,"column":36},"end":{"line":64,"column":1}}}},"branchMap":{},"s":{"0":5,"1":5,"2":0,"3":5,"4":5,"5":0,"6":5,"7":5,"8":2,"9":5,"10":5,"11":0,"12":5,"13":5,"14":0,"15":5,"16":5,"17":0,"18":5,"19":5,"20":0,"21":5},"f":{"0":0,"1":0,"2":2,"3":0,"4":0,"5":0,"6":0},"b":{}}
,"C:\\Users\\UEA-EST\\Documents\\GitHub\\CPA\\backend\\src\\repositories\\cursosRepository.ts": {"path":"C:\\Users\\UEA-EST\\Documents\\GitHub\\CPA\\backend\\src\\repositories\\cursosRepository.ts","statementMap":{"0":{"start":{"line":1,"column":0},"end":{"line":1,"column":36}},"1":{"start":{"line":16,"column":25},"end":{"line":87,"column":1}},"2":{"start":{"line":17,"column":23},"end":{"line":17,"column":25}},"3":{"start":{"line":18,"column":33},"end":{"line":18,"column":35}},"4":{"start":{"line":20,"column":4},"end":{"line":20,"column":31}},"5":{"start":{"line":20,"column":18},"end":{"line":20,"column":31}},"6":{"start":{"line":22,"column":4},"end":{"line":27,"column":5}},"7":{"start":{"line":23,"column":8},"end":{"line":26,"column":12}},"8":{"start":{"line":29,"column":4},"end":{"line":34,"column":5}},"9":{"start":{"line":30,"column":22},"end":{"line":32,"column":76}},"10":{"start":{"line":32,"column":53},"end":{"line":32,"column":75}},"11":{"start":{"line":33,"column":8},"end":{"line":33,"column":58}},"12":{"start":{"line":36,"column":4},"end":{"line":38,"column":5}},"13":{"start":{"line":37,"column":8},"end":{"line":37,"column":103}},"14":{"start":{"line":40,"column":4},"end":{"line":42,"column":5}},"15":{"start":{"line":41,"column":8},"end":{"line":41,"column":106}},"16":{"start":{"line":44,"column":4},"end":{"line":47,"column":5}},"17":{"start":{"line":45,"column":20},"end":{"line":45,"column":109}},"18":{"start":{"line":45,"column":60},"end":{"line":45,"column":83}},"19":{"start":{"line":45,"column":98},"end":{"line":45,"column":108}},"20":{"start":{"line":46,"column":8},"end":{"line":46,"column":77}},"21":{"start":{"line":46,"column":28},"end":{"line":46,"column":77}},"22":{"start":{"line":49,"column":4},"end":{"line":52,"column":5}},"23":{"start":{"line":50,"column":20},"end":{"line":50,"column":111}},"24":{"start":{"line":50,"column":62},"end":{"line":50,"column":85}},"25":{"start":{"line":50,"column":100},"end":{"line":50,"column":110}},"26":{"start":{"line":51,"column":8},"end":{"line":51,"column":80}},"27":{"start":{"line":51,"column":28},"end":{"line":51,"column":80}},"28":{"start":{"line":54,"column":4},"end":{"line":73,"column":5}},"29":{"start":{"line":55,"column":20},"end":{"line":55,"column":112}},"30":{"start":{"line":55,"column":63},"end":{"line":55,"column":86}},"31":{"start":{"line":55,"column":101},"end":{"line":55,"column":111}},"32":{"start":{"line":56,"column":8},"end":{"line":72,"column":9}},"33":{"start":{"line":57,"column":32},"end":{"line":60,"column":14}},"34":{"start":{"line":62,"column":36},"end":{"line":64,"column":32}},"35":{"start":{"line":63,"column":26},"end":{"line":63,"column":67}},"36":{"start":{"line":66,"column":12},"end":{"line":71,"column":15}},"37":{"start":{"line":75,"column":4},"end":{"line":77,"column":5}},"38":{"start":{"line":76,"column":8},"end":{"line":76,"column":52}},"39":{"start":{"line":79,"column":4},"end":{"line":79,"column":70}},"40":{"start":{"line":79,"column":34},"end":{"line":79,"column":70}},"41":{"start":{"line":80,"column":4},"end":{"line":80,"column":72}},"42":{"start":{"line":80,"column":35},"end":{"line":80,"column":72}},"43":{"start":{"line":82,"column":4},"end":{"line":84,"column":5}},"44":{"start":{"line":83,"column":8},"end":{"line":83,"column":34}},"45":{"start":{"line":86,"column":4},"end":{"line":86,"column":17}},"46":{"start":{"line":92,"column":16},"end":{"line":99,"column":1}},"47":{"start":{"line":93,"column":18},"end":{"line":93,"column":49}},"48":{"start":{"line":95,"column":4},"end":{"line":98,"column":7}},"49":{"start":{"line":237,"column":4},"end":{"line":237,"column":11}},"50":{"start":{"line":104,"column":28},"end":{"line":108,"column":1}},"51":{"start":{"line":105,"column":4},"end":{"line":107,"column":7}},"52":{"start":{"line":238,"column":4},"end":{"line":238,"column":23}},"53":{"start":{"line":113,"column":30},"end":{"line":117,"column":1}},"54":{"start":{"line":114,"column":4},"end":{"line":116,"column":7}},"55":{"start":{"line":239,"column":4},"end":{"line":239,"column":25}},"56":{"start":{"line":122,"column":26},"end":{"line":137,"column":1}},"57":{"start":{"line":123,"column":4},"end":{"line":136,"column":7}},"58":{"start":{"line":240,"column":4},"end":{"line":240,"column":21}},"59":{"start":{"line":142,"column":23},"end":{"line":157,"column":1}},"60":{"start":{"line":143,"column":4},"end":{"line":156,"column":7}},"61":{"start":{"line":241,"column":4},"end":{"line":241,"column":18}},"62":{"start":{"line":162,"column":22},"end":{"line":188,"column":1}},"63":{"start":{"line":167,"column":40},"end":{"line":167,"column":46}},"64":{"start":{"line":168,"column":17},"end":{"line":168,"column":38}},"65":{"start":{"line":169,"column":18},"end":{"line":169,"column":49}},"66":{"start":{"line":171,"column":32},"end":{"line":180,"column":6}},"67":{"start":{"line":182,"column":4},"end":{"line":187,"column":6}},"68":{"start":{"line":242,"column":4},"end":{"line":242,"column":17}},"69":{"start":{"line":193,"column":27},"end":{"line":212,"column":1}},"70":{"start":{"line":194,"column":23},"end":{"line":197,"column":6}},"71":{"start":{"line":199,"column":4},"end":{"line":201,"column":5}},"72":{"start":{"line":200,"column":8},"end":{"line":200,"column":84}},"73":{"start":{"line":203,"column":4},"end":{"line":211,"column":7}},"74":{"start":{"line":243,"column":4},"end":{"line":243,"column":22}},"75":{"start":{"line":217,"column":25},"end":{"line":222,"column":1}},"76":{"start":{"line":218,"column":4},"end":{"line":221,"column":7}},"77":{"start":{"line":244,"column":4},"end":{"line":244,"column":20}},"78":{"start":{"line":227,"column":23},"end":{"line":234,"column":1}},"79":{"start":{"line":228,"column":18},"end":{"line":232,"column":6}},"80":{"start":{"line":233,"column":4},"end":{"line":233,"column":57}},"81":{"start":{"line":233,"column":26},"end":{"line":233,"column":48}},"82":{"start":{"line":245,"column":4},"end":{"line":245,"column":18}}},"fnMap":{"0":{"name":"(anonymous_1)","decl":{"start":{"line":16,"column":25},"end":{"line":16,"column":30}},"loc":{"start":{"line":16,"column":59},"end":{"line":87,"column":1}}},"1":{"name":"(anonymous_2)","decl":{"start":{"line":32,"column":48},"end":{"line":32,"column":49}},"loc":{"start":{"line":32,"column":53},"end":{"line":32,"column":75}}},"2":{"name":"(anonymous_3)","decl":{"start":{"line":45,"column":54},"end":{"line":45,"column":56}},"loc":{"start":{"line":45,"column":60},"end":{"line":45,"column":83}}},"3":{"name":"(anonymous_4)","decl":{"start":{"line":45,"column":92},"end":{"line":45,"column":94}},"loc":{"start":{"line":45,"column":98},"end":{"line":45,"column":108}}},"4":{"name":"(anonymous_5)","decl":{"start":{"line":50,"column":56},"end":{"line":50,"column":58}},"loc":{"start":{"line":50,"column":62},"end":{"line":50,"column":85}}},"5":{"name":"(anonymous_6)","decl":{"start":{"line":50,"column":94},"end":{"line":50,"column":96}},"loc":{"start":{"line":50,"column":100},"end":{"line":50,"column":110}}},"6":{"name":"(anonymous_7)","decl":{"start":{"line":55,"column":57},"end":{"line":55,"column":59}},"loc":{"start":{"line":55,"column":63},"end":{"line":55,"column":86}}},"7":{"name":"(anonymous_8)","decl":{"start":{"line":55,"column":95},"end":{"line":55,"column":97}},"loc":{"start":{"line":55,"column":101},"end":{"line":55,"column":111}}},"8":{"name":"(anonymous_9)","decl":{"start":{"line":63,"column":21},"end":{"line":63,"column":22}},"loc":{"start":{"line":63,"column":26},"end":{"line":63,"column":67}}},"9":{"name":"(anonymous_10)","decl":{"start":{"line":92,"column":16},"end":{"line":92,"column":21}},"loc":{"start":{"line":92,"column":50},"end":{"line":99,"column":1}}},"10":{"name":"(anonymous_11)","decl":{"start":{"line":104,"column":28},"end":{"line":104,"column":29}},"loc":{"start":{"line":104,"column":54},"end":{"line":108,"column":1}}},"11":{"name":"(anonymous_12)","decl":{"start":{"line":113,"column":30},"end":{"line":113,"column":31}},"loc":{"start":{"line":113,"column":60},"end":{"line":117,"column":1}}},"12":{"name":"(anonymous_13)","decl":{"start":{"line":122,"column":26},"end":{"line":122,"column":27}},"loc":{"start":{"line":122,"column":54},"end":{"line":137,"column":1}}},"13":{"name":"(anonymous_14)","decl":{"start":{"line":142,"column":23},"end":{"line":142,"column":24}},"loc":{"start":{"line":142,"column":48},"end":{"line":157,"column":1}}},"14":{"name":"(anonymous_15)","decl":{"start":{"line":162,"column":22},"end":{"line":162,"column":27}},"loc":{"start":{"line":166,"column":5},"end":{"line":188,"column":1}}},"15":{"name":"(anonymous_16)","decl":{"start":{"line":193,"column":27},"end":{"line":193,"column":32}},"loc":{"start":{"line":193,"column":78},"end":{"line":212,"column":1}}},"16":{"name":"(anonymous_17)","decl":{"start":{"line":217,"column":25},"end":{"line":217,"column":30}},"loc":{"start":{"line":217,"column":65},"end":{"line":222,"column":1}}},"17":{"name":"(anonymous_18)","decl":{"start":{"line":227,"column":23},"end":{"line":227,"column":28}},"loc":{"start":{"line":227,"column":34},"end":{"line":234,"column":1}}},"18":{"name":"(anonymous_19)","decl":{"start":{"line":233,"column":21},"end":{"line":233,"column":22}},"loc":{"start":{"line":233,"column":26},"end":{"line":233,"column":48}}}},"branchMap":{"0":{"loc":{"start":{"line":20,"column":4},"end":{"line":20,"column":31}},"type":"if","locations":[{"start":{"line":20,"column":4},"end":{"line":20,"column":31}}]},"1":{"loc":{"start":{"line":22,"column":4},"end":{"line":27,"column":5}},"type":"if","locations":[{"start":{"line":22,"column":4},"end":{"line":27,"column":5}}]},"2":{"loc":{"start":{"line":29,"column":4},"end":{"line":34,"column":5}},"type":"if","locations":[{"start":{"line":29,"column":4},"end":{"line":34,"column":5}}]},"3":{"loc":{"start":{"line":30,"column":22},"end":{"line":32,"column":76}},"type":"cond-expr","locations":[{"start":{"line":31,"column":14},"end":{"line":31,"column":32}},{"start":{"line":32,"column":14},"end":{"line":32,"column":76}}]},"4":{"loc":{"start":{"line":36,"column":4},"end":{"line":38,"column":5}},"type":"if","locations":[{"start":{"line":36,"column":4},"end":{"line":38,"column":5}}]},"5":{"loc":{"start":{"line":40,"column":4},"end":{"line":42,"column":5}},"type":"if","locations":[{"start":{"line":40,"column":4},"end":{"line":42,"column":5}}]},"6":{"loc":{"start":{"line":44,"column":4},"end":{"line":47,"column":5}},"type":"if","locations":[{"start":{"line":44,"column":4},"end":{"line":47,"column":5}}]},"7":{"loc":{"start":{"line":46,"column":8},"end":{"line":46,"column":77}},"type":"if","locations":[{"start":{"line":46,"column":8},"end":{"line":46,"column":77}}]},"8":{"loc":{"start":{"line":49,"column":4},"end":{"line":52,"column":5}},"type":"if","locations":[{"start":{"line":49,"column":4},"end":{"line":52,"column":5}}]},"9":{"loc":{"start":{"line":51,"column":8},"end":{"line":51,"column":80}},"type":"if","locations":[{"start":{"line":51,"column":8},"end":{"line":51,"column":80}}]},"10":{"loc":{"start":{"line":54,"column":4},"end":{"line":73,"column":5}},"type":"if","locations":[{"start":{"line":54,"column":4},"end":{"line":73,"column":5}}]},"11":{"loc":{"start":{"line":56,"column":8},"end":{"line":72,"column":9}},"type":"if","locations":[{"start":{"line":56,"column":8},"end":{"line":72,"column":9}}]},"12":{"loc":{"start":{"line":63,"column":27},"end":{"line":63,"column":45}},"type":"binary-expr","locations":[{"start":{"line":63,"column":27},"end":{"line":63,"column":39}},{"start":{"line":63,"column":43},"end":{"line":63,"column":45}}]},"13":{"loc":{"start":{"line":69,"column":24},"end":{"line":69,"column":99}},"type":"cond-expr","locations":[{"start":{"line":69,"column":53},"end":{"line":69,"column":94}},{"start":{"line":69,"column":97},"end":{"line":69,"column":99}}]},"14":{"loc":{"start":{"line":75,"column":4},"end":{"line":77,"column":5}},"type":"if","locations":[{"start":{"line":75,"column":4},"end":{"line":77,"column":5}}]},"15":{"loc":{"start":{"line":79,"column":4},"end":{"line":79,"column":70}},"type":"if","locations":[{"start":{"line":79,"column":4},"end":{"line":79,"column":70}}]},"16":{"loc":{"start":{"line":80,"column":4},"end":{"line":80,"column":72}},"type":"if","locations":[{"start":{"line":80,"column":4},"end":{"line":80,"column":72}}]},"17":{"loc":{"start":{"line":82,"column":4},"end":{"line":84,"column":5}},"type":"if","locations":[{"start":{"line":82,"column":4},"end":{"line":84,"column":5}}]},"18":{"loc":{"start":{"line":199,"column":4},"end":{"line":201,"column":5}},"type":"if","locations":[{"start":{"line":199,"column":4},"end":{"line":201,"column":5}}]},"19":{"loc":{"start":{"line":208,"column":28},"end":{"line":208,"column":57}},"type":"binary-expr","locations":[{"start":{"line":208,"column":28},"end":{"line":208,"column":49}},{"start":{"line":208,"column":53},"end":{"line":208,"column":57}}]}},"s":{"0":5,"1":5,"2":0,"3":0,"4":0,"5":0,"6":0,"7":0,"8":0,"9":0,"10":0,"11":0,"12":0,"13":0,"14":0,"15":0,"16":0,"17":0,"18":0,"19":0,"20":0,"21":0,"22":0,"23":0,"24":0,"25":0,"26":0,"27":0,"28":0,"29":0,"30":0,"31":0,"32":0,"33":0,"34":0,"35":0,"36":0,"37":0,"38":0,"39":0,"40":0,"41":0,"42":0,"43":0,"44":0,"45":0,"46":5,"47":0,"48":0,"49":5,"50":5,"51":0,"52":5,"53":5,"54":1,"55":5,"56":5,"57":0,"58":5,"59":5,"60":0,"61":5,"62":5,"63":0,"64":0,"65":0,"66":0,"67":0,"68":5,"69":5,"70":0,"71":0,"72":0,"73":0,"74":5,"75":5,"76":0,"77":5,"78":5,"79":0,"80":0,"81":0,"82":5},"f":{"0":0,"1":0,"2":0,"3":0,"4":0,"5":0,"6":0,"7":0,"8":0,"9":0,"10":0,"11":1,"12":0,"13":0,"14":0,"15":0,"16":0,"17":0,"18":0},"b":{"0":[0],"1":[0],"2":[0],"3":[0,0],"4":[0],"5":[0],"6":[0],"7":[0],"8":[0],"9":[0],"10":[0],"11":[0],"12":[0,0],"13":[0,0],"14":[0],"15":[0],"16":[0],"17":[0],"18":[0],"19":[0,0]}}
,"C:\\Users\\UEA-EST\\Documents\\GitHub\\CPA\\backend\\src\\repositories\\modalidadesRepository.ts": {"path":"C:\\Users\\UEA-EST\\Documents\\GitHub\\CPA\\backend\\src\\repositories\\modalidadesRepository.ts","statementMap":{"0":{"start":{"line":2,"column":0},"end":{"line":2,"column":36}},"1":{"start":{"line":7,"column":16},"end":{"line":34,"column":1}},"2":{"start":{"line":8,"column":4},"end":{"line":33,"column":10}},"3":{"start":{"line":21,"column":12},"end":{"line":32,"column":14}},"4":{"start":{"line":22,"column":28},"end":{"line":24,"column":73}},"5":{"start":{"line":23,"column":38},"end":{"line":23,"column":52}},"6":{"start":{"line":24,"column":41},"end":{"line":24,"column":72}},"7":{"start":{"line":27,"column":37},"end":{"line":27,"column":54}},"8":{"start":{"line":28,"column":35},"end":{"line":28,"column":58}},"9":{"start":{"line":30,"column":66},"end":{"line":30,"column":67}},"10":{"start":{"line":31,"column":16},"end":{"line":31,"column":61}},"11":{"start":{"line":101,"column":4},"end":{"line":101,"column":11}},"12":{"start":{"line":39,"column":17},"end":{"line":63,"column":1}},"13":{"start":{"line":40,"column":4},"end":{"line":62,"column":11}},"14":{"start":{"line":53,"column":12},"end":{"line":53,"column":29}},"15":{"start":{"line":53,"column":20},"end":{"line":53,"column":29}},"16":{"start":{"line":54,"column":24},"end":{"line":56,"column":69}},"17":{"start":{"line":55,"column":34},"end":{"line":55,"column":48}},"18":{"start":{"line":56,"column":37},"end":{"line":56,"column":68}},"19":{"start":{"line":58,"column":33},"end":{"line":58,"column":50}},"20":{"start":{"line":59,"column":31},"end":{"line":59,"column":54}},"21":{"start":{"line":60,"column":62},"end":{"line":60,"column":63}},"22":{"start":{"line":61,"column":12},"end":{"line":61,"column":57}},"23":{"start":{"line":102,"column":4},"end":{"line":102,"column":12}},"24":{"start":{"line":68,"column":18},"end":{"line":72,"column":1}},"25":{"start":{"line":69,"column":4},"end":{"line":71,"column":7}},"26":{"start":{"line":103,"column":4},"end":{"line":103,"column":13}},"27":{"start":{"line":77,"column":15},"end":{"line":79,"column":1}},"28":{"start":{"line":78,"column":4},"end":{"line":78,"column":47}},"29":{"start":{"line":104,"column":4},"end":{"line":104,"column":10}},"30":{"start":{"line":84,"column":15},"end":{"line":89,"column":1}},"31":{"start":{"line":85,"column":4},"end":{"line":88,"column":7}},"32":{"start":{"line":105,"column":4},"end":{"line":105,"column":10}},"33":{"start":{"line":94,"column":15},"end":{"line":98,"column":1}},"34":{"start":{"line":95,"column":4},"end":{"line":97,"column":7}},"35":{"start":{"line":106,"column":4},"end":{"line":106,"column":10}}},"fnMap":{"0":{"name":"(anonymous_1)","decl":{"start":{"line":7,"column":16},"end":{"line":7,"column":19}},"loc":{"start":{"line":7,"column":21},"end":{"line":34,"column":1}}},"1":{"name":"(anonymous_2)","decl":{"start":{"line":20,"column":14},"end":{"line":20,"column":15}},"loc":{"start":{"line":21,"column":12},"end":{"line":32,"column":14}}},"2":{"name":"(anonymous_3)","decl":{"start":{"line":21,"column":28},"end":{"line":21,"column":29}},"loc":{"start":{"line":21,"column":39},"end":{"line":32,"column":13}}},"3":{"name":"(anonymous_4)","decl":{"start":{"line":23,"column":25},"end":{"line":23,"column":26}},"loc":{"start":{"line":23,"column":38},"end":{"line":23,"column":52}}},"4":{"name":"(anonymous_5)","decl":{"start":{"line":24,"column":28},"end":{"line":24,"column":29}},"loc":{"start":{"line":24,"column":41},"end":{"line":24,"column":72}}},"5":{"name":"(anonymous_6)","decl":{"start":{"line":39,"column":17},"end":{"line":39,"column":18}},"loc":{"start":{"line":39,"column":32},"end":{"line":63,"column":1}}},"6":{"name":"(anonymous_7)","decl":{"start":{"line":52,"column":14},"end":{"line":52,"column":15}},"loc":{"start":{"line":52,"column":25},"end":{"line":62,"column":9}}},"7":{"name":"(anonymous_8)","decl":{"start":{"line":55,"column":21},"end":{"line":55,"column":22}},"loc":{"start":{"line":55,"column":34},"end":{"line":55,"column":48}}},"8":{"name":"(anonymous_9)","decl":{"start":{"line":56,"column":24},"end":{"line":56,"column":25}},"loc":{"start":{"line":56,"column":37},"end":{"line":56,"column":68}}},"9":{"name":"(anonymous_10)","decl":{"start":{"line":68,"column":18},"end":{"line":68,"column":19}},"loc":{"start":{"line":68,"column":36},"end":{"line":72,"column":1}}},"10":{"name":"(anonymous_11)","decl":{"start":{"line":77,"column":15},"end":{"line":77,"column":16}},"loc":{"start":{"line":77,"column":55},"end":{"line":79,"column":1}}},"11":{"name":"(anonymous_12)","decl":{"start":{"line":84,"column":15},"end":{"line":84,"column":16}},"loc":{"start":{"line":84,"column":67},"end":{"line":89,"column":1}}},"12":{"name":"(anonymous_13)","decl":{"start":{"line":94,"column":15},"end":{"line":94,"column":16}},"loc":{"start":{"line":94,"column":30},"end":{"line":98,"column":1}}}},"branchMap":{"0":{"loc":{"start":{"line":22,"column":29},"end":{"line":22,"column":57}},"type":"binary-expr","locations":[{"start":{"line":22,"column":29},"end":{"line":22,"column":51}},{"start":{"line":22,"column":55},"end":{"line":22,"column":57}}]},"1":{"loc":{"start":{"line":24,"column":41},"end":{"line":24,"column":72}},"type":"binary-expr","locations":[{"start":{"line":24,"column":41},"end":{"line":24,"column":52}},{"start":{"line":24,"column":56},"end":{"line":24,"column":72}}]},"2":{"loc":{"start":{"line":28,"column":36},"end":{"line":28,"column":50}},"type":"binary-expr","locations":[{"start":{"line":28,"column":36},"end":{"line":28,"column":44}},{"start":{"line":28,"column":48},"end":{"line":28,"column":50}}]},"3":{"loc":{"start":{"line":53,"column":12},"end":{"line":53,"column":29}},"type":"if","locations":[{"start":{"line":53,"column":12},"end":{"line":53,"column":29}}]},"4":{"loc":{"start":{"line":54,"column":25},"end":{"line":54,"column":53}},"type":"binary-expr","locations":[{"start":{"line":54,"column":25},"end":{"line":54,"column":47}},{"start":{"line":54,"column":51},"end":{"line":54,"column":53}}]},"5":{"loc":{"start":{"line":56,"column":37},"end":{"line":56,"column":68}},"type":"binary-expr","locations":[{"start":{"line":56,"column":37},"end":{"line":56,"column":48}},{"start":{"line":56,"column":52},"end":{"line":56,"column":68}}]},"6":{"loc":{"start":{"line":59,"column":32},"end":{"line":59,"column":46}},"type":"binary-expr","locations":[{"start":{"line":59,"column":32},"end":{"line":59,"column":40}},{"start":{"line":59,"column":44},"end":{"line":59,"column":46}}]}},"s":{"0":5,"1":5,"2":0,"3":0,"4":0,"5":0,"6":0,"7":0,"8":0,"9":0,"10":0,"11":5,"12":5,"13":0,"14":0,"15":0,"16":0,"17":0,"18":0,"19":0,"20":0,"21":0,"22":0,"23":5,"24":5,"25":1,"26":5,"27":5,"28":0,"29":5,"30":5,"31":0,"32":5,"33":5,"34":0,"35":5},"f":{"0":0,"1":0,"2":0,"3":0,"4":0,"5":0,"6":0,"7":0,"8":0,"9":1,"10":0,"11":0,"12":0},"b":{"0":[0,0],"1":[0,0],"2":[0,0],"3":[0],"4":[0,0],"5":[0,0],"6":[0,0]}}
,"C:\\Users\\UEA-EST\\Documents\\GitHub\\CPA\\backend\\src\\repositories\\questoesRepository.ts": {"path":"C:\\Users\\UEA-EST\\Documents\\GitHub\\CPA\\backend\\src\\repositories\\questoesRepository.ts","statementMap":{"0":{"start":{"line":2,"column":0},"end":{"line":2,"column":36}},"1":{"start":{"line":7,"column":17},"end":{"line":19,"column":1}},"2":{"start":{"line":8,"column":4},"end":{"line":18,"column":7}},"3":{"start":{"line":111,"column":9},"end":{"line":111,"column":17}},"4":{"start":{"line":24,"column":17},"end":{"line":35,"column":1}},"5":{"start":{"line":25,"column":4},"end":{"line":34,"column":7}},"6":{"start":{"line":111,"column":19},"end":{"line":111,"column":27}},"7":{"start":{"line":40,"column":18},"end":{"line":44,"column":1}},"8":{"start":{"line":41,"column":4},"end":{"line":43,"column":7}},"9":{"start":{"line":111,"column":29},"end":{"line":111,"column":38}},"10":{"start":{"line":49,"column":15},"end":{"line":51,"column":1}},"11":{"start":{"line":50,"column":4},"end":{"line":50,"column":44}},"12":{"start":{"line":111,"column":40},"end":{"line":111,"column":46}},"13":{"start":{"line":56,"column":15},"end":{"line":58,"column":1}},"14":{"start":{"line":57,"column":4},"end":{"line":57,"column":59}},"15":{"start":{"line":111,"column":48},"end":{"line":111,"column":54}},"16":{"start":{"line":63,"column":15},"end":{"line":65,"column":1}},"17":{"start":{"line":64,"column":4},"end":{"line":64,"column":53}},"18":{"start":{"line":111,"column":56},"end":{"line":111,"column":62}},"19":{"start":{"line":70,"column":23},"end":{"line":72,"column":1}},"20":{"start":{"line":71,"column":4},"end":{"line":71,"column":57}},"21":{"start":{"line":111,"column":64},"end":{"line":111,"column":78}},"22":{"start":{"line":77,"column":25},"end":{"line":109,"column":1}},"23":{"start":{"line":78,"column":20},"end":{"line":88,"column":6}},"24":{"start":{"line":90,"column":4},"end":{"line":90,"column":28}},"25":{"start":{"line":90,"column":18},"end":{"line":90,"column":28}},"26":{"start":{"line":92,"column":21},"end":{"line":92,"column":38}},"27":{"start":{"line":95,"column":4},"end":{"line":99,"column":7}},"28":{"start":{"line":96,"column":8},"end":{"line":98,"column":9}},"29":{"start":{"line":97,"column":12},"end":{"line":97,"column":46}},"30":{"start":{"line":102,"column":4},"end":{"line":106,"column":7}},"31":{"start":{"line":103,"column":8},"end":{"line":105,"column":9}},"32":{"start":{"line":104,"column":12},"end":{"line":104,"column":35}},"33":{"start":{"line":108,"column":4},"end":{"line":108,"column":32}},"34":{"start":{"line":111,"column":80},"end":{"line":111,"column":96}}},"fnMap":{"0":{"name":"(anonymous_1)","decl":{"start":{"line":7,"column":17},"end":{"line":7,"column":20}},"loc":{"start":{"line":7,"column":22},"end":{"line":19,"column":1}}},"1":{"name":"(anonymous_2)","decl":{"start":{"line":24,"column":17},"end":{"line":24,"column":18}},"loc":{"start":{"line":24,"column":32},"end":{"line":35,"column":1}}},"2":{"name":"(anonymous_3)","decl":{"start":{"line":40,"column":18},"end":{"line":40,"column":19}},"loc":{"start":{"line":40,"column":36},"end":{"line":44,"column":1}}},"3":{"name":"(anonymous_4)","decl":{"start":{"line":49,"column":15},"end":{"line":49,"column":16}},"loc":{"start":{"line":49,"column":52},"end":{"line":51,"column":1}}},"4":{"name":"(anonymous_5)","decl":{"start":{"line":56,"column":15},"end":{"line":56,"column":16}},"loc":{"start":{"line":56,"column":64},"end":{"line":58,"column":1}}},"5":{"name":"(anonymous_6)","decl":{"start":{"line":63,"column":15},"end":{"line":63,"column":16}},"loc":{"start":{"line":63,"column":30},"end":{"line":65,"column":1}}},"6":{"name":"(anonymous_7)","decl":{"start":{"line":70,"column":23},"end":{"line":70,"column":24}},"loc":{"start":{"line":70,"column":38},"end":{"line":72,"column":1}}},"7":{"name":"(anonymous_8)","decl":{"start":{"line":77,"column":25},"end":{"line":77,"column":30}},"loc":{"start":{"line":77,"column":46},"end":{"line":109,"column":1}}},"8":{"name":"(anonymous_9)","decl":{"start":{"line":95,"column":40},"end":{"line":95,"column":42}},"loc":{"start":{"line":95,"column":45},"end":{"line":99,"column":5}}},"9":{"name":"(anonymous_10)","decl":{"start":{"line":102,"column":31},"end":{"line":102,"column":32}},"loc":{"start":{"line":102,"column":35},"end":{"line":106,"column":5}}}},"branchMap":{"0":{"loc":{"start":{"line":90,"column":4},"end":{"line":90,"column":28}},"type":"if","locations":[{"start":{"line":90,"column":4},"end":{"line":90,"column":28}}]},"1":{"loc":{"start":{"line":96,"column":8},"end":{"line":98,"column":9}},"type":"if","locations":[{"start":{"line":96,"column":8},"end":{"line":98,"column":9}}]},"2":{"loc":{"start":{"line":96,"column":12},"end":{"line":96,"column":79}},"type":"binary-expr","locations":[{"start":{"line":96,"column":12},"end":{"line":96,"column":46}},{"start":{"line":96,"column":50},"end":{"line":96,"column":79}}]},"3":{"loc":{"start":{"line":103,"column":8},"end":{"line":105,"column":9}},"type":"if","locations":[{"start":{"line":103,"column":8},"end":{"line":105,"column":9}}]},"4":{"loc":{"start":{"line":103,"column":12},"end":{"line":103,"column":55}},"type":"binary-expr","locations":[{"start":{"line":103,"column":12},"end":{"line":103,"column":34}},{"start":{"line":103,"column":38},"end":{"line":103,"column":55}}]}},"s":{"0":5,"1":5,"2":0,"3":5,"4":5,"5":0,"6":5,"7":5,"8":2,"9":5,"10":5,"11":0,"12":5,"13":5,"14":0,"15":5,"16":5,"17":0,"18":5,"19":5,"20":0,"21":5,"22":5,"23":0,"24":0,"25":0,"26":0,"27":0,"28":0,"29":0,"30":0,"31":0,"32":0,"33":0,"34":5},"f":{"0":0,"1":0,"2":2,"3":0,"4":0,"5":0,"6":0,"7":0,"8":0,"9":0},"b":{"0":[0],"1":[0],"2":[0,0],"3":[0],"4":[0,0]}}
,"C:\\Users\\UEA-EST\\Documents\\GitHub\\CPA\\backend\\src\\repositories\\respostasRepository.ts": {"path":"C:\\Users\\UEA-EST\\Documents\\GitHub\\CPA\\backend\\src\\repositories\\respostasRepository.ts","statementMap":{"0":{"start":{"line":2,"column":0},"end":{"line":2,"column":36}},"1":{"start":{"line":9,"column":30},"end":{"line":16,"column":1}},"2":{"start":{"line":10,"column":4},"end":{"line":15,"column":7}},"3":{"start":{"line":82,"column":4},"end":{"line":82,"column":25}},"4":{"start":{"line":21,"column":29},"end":{"line":26,"column":1}},"5":{"start":{"line":22,"column":4},"end":{"line":25,"column":7}},"6":{"start":{"line":83,"column":4},"end":{"line":83,"column":24}},"7":{"start":{"line":31,"column":24},"end":{"line":33,"column":1}},"8":{"start":{"line":32,"column":4},"end":{"line":32,"column":61}},"9":{"start":{"line":84,"column":4},"end":{"line":84,"column":19}},"10":{"start":{"line":38,"column":23},"end":{"line":40,"column":1}},"11":{"start":{"line":39,"column":4},"end":{"line":39,"column":45}},"12":{"start":{"line":85,"column":4},"end":{"line":85,"column":18}},"13":{"start":{"line":45,"column":28},"end":{"line":47,"column":1}},"14":{"start":{"line":46,"column":4},"end":{"line":46,"column":50}},"15":{"start":{"line":86,"column":4},"end":{"line":86,"column":23}},"16":{"start":{"line":54,"column":33},"end":{"line":63,"column":1}},"17":{"start":{"line":55,"column":4},"end":{"line":62,"column":7}},"18":{"start":{"line":87,"column":4},"end":{"line":87,"column":28}},"19":{"start":{"line":68,"column":38},"end":{"line":79,"column":1}},"20":{"start":{"line":69,"column":4},"end":{"line":78,"column":7}},"21":{"start":{"line":88,"column":4},"end":{"line":88,"column":33}}},"fnMap":{"0":{"name":"(anonymous_1)","decl":{"start":{"line":9,"column":30},"end":{"line":9,"column":31}},"loc":{"start":{"line":9,"column":83},"end":{"line":16,"column":1}}},"1":{"name":"(anonymous_2)","decl":{"start":{"line":21,"column":29},"end":{"line":21,"column":30}},"loc":{"start":{"line":21,"column":44},"end":{"line":26,"column":1}}},"2":{"name":"(anonymous_3)","decl":{"start":{"line":31,"column":24},"end":{"line":31,"column":25}},"loc":{"start":{"line":31,"column":39},"end":{"line":33,"column":1}}},"3":{"name":"(anonymous_4)","decl":{"start":{"line":38,"column":23},"end":{"line":38,"column":24}},"loc":{"start":{"line":38,"column":61},"end":{"line":40,"column":1}}},"4":{"name":"(anonymous_5)","decl":{"start":{"line":45,"column":28},"end":{"line":45,"column":29}},"loc":{"start":{"line":45,"column":71},"end":{"line":47,"column":1}}},"5":{"name":"(anonymous_6)","decl":{"start":{"line":54,"column":33},"end":{"line":54,"column":34}},"loc":{"start":{"line":54,"column":57},"end":{"line":63,"column":1}}},"6":{"name":"(anonymous_7)","decl":{"start":{"line":68,"column":38},"end":{"line":68,"column":39}},"loc":{"start":{"line":68,"column":62},"end":{"line":79,"column":1}}}},"branchMap":{},"s":{"0":5,"1":5,"2":0,"3":5,"4":5,"5":0,"6":5,"7":5,"8":4,"9":5,"10":5,"11":2,"12":5,"13":5,"14":1,"15":5,"16":5,"17":0,"18":5,"19":5,"20":0,"21":5},"f":{"0":0,"1":0,"2":4,"3":2,"4":1,"5":0,"6":0},"b":{}}
,"C:\\Users\\UEA-EST\\Documents\\GitHub\\CPA\\backend\\src\\repositories\\unidadesRepository.ts": {"path":"C:\\Users\\UEA-EST\\Documents\\GitHub\\CPA\\backend\\src\\repositories\\unidadesRepository.ts","statementMap":{"0":{"start":{"line":1,"column":0},"end":{"line":1,"column":36}},"1":{"start":{"line":6,"column":16},"end":{"line":10,"column":1}},"2":{"start":{"line":7,"column":4},"end":{"line":9,"column":7}},"3":{"start":{"line":50,"column":4},"end":{"line":50,"column":11}},"4":{"start":{"line":15,"column":17},"end":{"line":19,"column":1}},"5":{"start":{"line":16,"column":4},"end":{"line":18,"column":7}},"6":{"start":{"line":51,"column":4},"end":{"line":51,"column":12}},"7":{"start":{"line":24,"column":18},"end":{"line":28,"column":1}},"8":{"start":{"line":25,"column":4},"end":{"line":27,"column":7}},"9":{"start":{"line":52,"column":4},"end":{"line":52,"column":13}},"10":{"start":{"line":33,"column":25},"end":{"line":47,"column":1}},"11":{"start":{"line":34,"column":4},"end":{"line":46,"column":7}},"12":{"start":{"line":53,"column":4},"end":{"line":53,"column":20}}},"fnMap":{"0":{"name":"(anonymous_1)","decl":{"start":{"line":6,"column":16},"end":{"line":6,"column":19}},"loc":{"start":{"line":6,"column":21},"end":{"line":10,"column":1}}},"1":{"name":"(anonymous_2)","decl":{"start":{"line":15,"column":17},"end":{"line":15,"column":18}},"loc":{"start":{"line":15,"column":32},"end":{"line":19,"column":1}}},"2":{"name":"(anonymous_3)","decl":{"start":{"line":24,"column":18},"end":{"line":24,"column":19}},"loc":{"start":{"line":24,"column":36},"end":{"line":28,"column":1}}},"3":{"name":"(anonymous_4)","decl":{"start":{"line":33,"column":25},"end":{"line":33,"column":26}},"loc":{"start":{"line":33,"column":55},"end":{"line":47,"column":1}}}},"branchMap":{},"s":{"0":5,"1":5,"2":0,"3":5,"4":5,"5":0,"6":5,"7":5,"8":2,"9":5,"10":5,"11":0,"12":5},"f":{"0":0,"1":0,"2":2,"3":0},"b":{}}
,"C:\\Users\\UEA-EST\\Documents\\GitHub\\CPA\\backend\\src\\routes\\avaliacoesRouter.ts": {"path":"C:\\Users\\UEA-EST\\Documents\\GitHub\\CPA\\backend\\src\\routes\\avaliacoesRouter.ts","statementMap":{"0":{"start":{"line":1,"column":0},"end":{"line":1,"column":30}},"1":{"start":{"line":2,"column":15},"end":{"line":2,"column":31}},"2":{"start":{"line":4,"column":0},"end":{"line":4,"column":null}},"3":{"start":{"line":15,"column":0},"end":{"line":15,"column":76}},"4":{"start":{"line":97,"column":0},"end":{"line":97,"column":66}},"5":{"start":{"line":98,"column":0},"end":{"line":98,"column":63}},"6":{"start":{"line":131,"column":0},"end":{"line":131,"column":83}},"7":{"start":{"line":194,"column":0},"end":{"line":194,"column":67}},"8":{"start":{"line":195,"column":0},"end":{"line":195,"column":88}},"9":{"start":{"line":196,"column":0},"end":{"line":196,"column":91}},"10":{"start":{"line":223,"column":0},"end":{"line":223,"column":95}},"11":{"start":{"line":251,"column":0},"end":{"line":251,"column":95}},"12":{"start":{"line":289,"column":0},"end":{"line":289,"column":101}},"13":{"start":{"line":291,"column":0},"end":{"line":291,"column":22}}},"fnMap":{},"branchMap":{},"s":{"0":5,"1":5,"2":5,"3":5,"4":5,"5":5,"6":5,"7":5,"8":5,"9":5,"10":5,"11":5,"12":5,"13":5},"f":{},"b":{}}
,"C:\\Users\\UEA-EST\\Documents\\GitHub\\CPA\\backend\\src\\routes\\respostasRouter.ts": {"path":"C:\\Users\\UEA-EST\\Documents\\GitHub\\CPA\\backend\\src\\routes\\respostasRouter.ts","statementMap":{"0":{"start":{"line":1,"column":0},"end":{"line":1,"column":30}},"1":{"start":{"line":2,"column":0},"end":{"line":2,"column":76}},"2":{"start":{"line":3,"column":0},"end":{"line":3,"column":74}},"3":{"start":{"line":5,"column":15},"end":{"line":5,"column":31}},"4":{"start":{"line":52,"column":0},"end":{"line":52,"column":82}},"5":{"start":{"line":90,"column":0},"end":{"line":90,"column":135}},"6":{"start":{"line":91,"column":0},"end":{"line":91,"column":138}},"7":{"start":{"line":123,"column":0},"end":{"line":123,"column":134}},"8":{"start":{"line":125,"column":0},"end":{"line":125,"column":22}}},"fnMap":{},"branchMap":{},"s":{"0":5,"1":5,"2":5,"3":5,"4":5,"5":5,"6":5,"7":5,"8":5},"f":{},"b":{}}
,"C:\\Users\\UEA-EST\\Documents\\GitHub\\CPA\\backend\\src\\services\\avaliacoesService.ts": {"path":"C:\\Users\\UEA-EST\\Documents\\GitHub\\CPA\\backend\\src\\services\\avaliacoesService.ts","statementMap":{"0":{"start":{"line":1,"column":0},"end":{"line":1,"column":75}},"1":{"start":{"line":3,"column":0},"end":{"line":3,"column":57}},"2":{"start":{"line":4,"column":0},"end":{"line":4,"column":67}},"3":{"start":{"line":6,"column":0},"end":{"line":6,"column":26}},"4":{"start":{"line":7,"column":0},"end":{"line":7,"column":26}},"5":{"start":{"line":8,"column":0},"end":{"line":8,"column":51}},"6":{"start":{"line":9,"column":0},"end":{"line":9,"column":50}},"7":{"start":{"line":10,"column":0},"end":{"line":10,"column":60}},"8":{"start":{"line":12,"column":19},"end":{"line":14,"column":2}},"9":{"start":{"line":18,"column":8},"end":{"line":21,"column":27}},"10":{"start":{"line":25,"column":26},"end":{"line":25,"column":68}},"11":{"start":{"line":26,"column":23},"end":{"line":26,"column":72}},"12":{"start":{"line":27,"column":23},"end":{"line":27,"column":68}},"13":{"start":{"line":28,"column":8},"end":{"line":28,"column":69}},"14":{"start":{"line":32,"column":27},"end":{"line":32,"column":64}},"15":{"start":{"line":33,"column":37},"end":{"line":33,"column":39}},"16":{"start":{"line":35,"column":8},"end":{"line":35,"column":73}},"17":{"start":{"line":35,"column":45},"end":{"line":35,"column":73}},"18":{"start":{"line":36,"column":8},"end":{"line":36,"column":71}},"19":{"start":{"line":36,"column":44},"end":{"line":36,"column":71}},"20":{"start":{"line":37,"column":8},"end":{"line":37,"column":71}},"21":{"start":{"line":37,"column":44},"end":{"line":37,"column":71}},"22":{"start":{"line":39,"column":8},"end":{"line":39,"column":26}},"23":{"start":{"line":43,"column":32},"end":{"line":43,"column":64}},"24":{"start":{"line":44,"column":8},"end":{"line":46,"column":9}},"25":{"start":{"line":45,"column":12},"end":{"line":45,"column":88}},"26":{"start":{"line":47,"column":8},"end":{"line":47,"column":33}},"27":{"start":{"line":51,"column":8},"end":{"line":51,"column":51}},"28":{"start":{"line":51,"column":36},"end":{"line":51,"column":51}},"29":{"start":{"line":52,"column":8},"end":{"line":52,"column":69}},"30":{"start":{"line":52,"column":52},"end":{"line":52,"column":69}},"31":{"start":{"line":53,"column":8},"end":{"line":53,"column":18}},"32":{"start":{"line":57,"column":23},"end":{"line":57,"column":112}},"33":{"start":{"line":58,"column":21},"end":{"line":58,"column":104}},"34":{"start":{"line":59,"column":8},"end":{"line":62,"column":10}},"35":{"start":{"line":66,"column":8},"end":{"line":66,"column":106}},"36":{"start":{"line":66,"column":46},"end":{"line":66,"column":104}},"37":{"start":{"line":70,"column":8},"end":{"line":78,"column":45}},"38":{"start":{"line":73,"column":77},"end":{"line":77,"column":14}},"39":{"start":{"line":93,"column":12},"end":{"line":93,"column":16}},"40":{"start":{"line":95,"column":35},"end":{"line":95,"column":47}},"41":{"start":{"line":96,"column":40},"end":{"line":96,"column":56}},"42":{"start":{"line":99,"column":43},"end":{"line":103,"column":10}},"43":{"start":{"line":105,"column":8},"end":{"line":105,"column":111}},"44":{"start":{"line":105,"column":46},"end":{"line":105,"column":111}},"45":{"start":{"line":106,"column":8},"end":{"line":106,"column":118}},"46":{"start":{"line":106,"column":51},"end":{"line":106,"column":118}},"47":{"start":{"line":107,"column":8},"end":{"line":107,"column":112}},"48":{"start":{"line":107,"column":47},"end":{"line":107,"column":112}},"49":{"start":{"line":109,"column":37},"end":{"line":109,"column":111}},"50":{"start":{"line":111,"column":8},"end":{"line":113,"column":9}},"51":{"start":{"line":112,"column":12},"end":{"line":112,"column":118}},"52":{"start":{"line":115,"column":8},"end":{"line":118,"column":9}},"53":{"start":{"line":116,"column":29},"end":{"line":116,"column":99}},"54":{"start":{"line":117,"column":12},"end":{"line":117,"column":136}},"55":{"start":{"line":117,"column":68},"end":{"line":117,"column":136}},"56":{"start":{"line":120,"column":8},"end":{"line":122,"column":9}},"57":{"start":{"line":121,"column":12},"end":{"line":121,"column":112}},"58":{"start":{"line":124,"column":8},"end":{"line":127,"column":9}},"59":{"start":{"line":125,"column":27},"end":{"line":125,"column":87}},"60":{"start":{"line":126,"column":12},"end":{"line":126,"column":123}},"61":{"start":{"line":126,"column":61},"end":{"line":126,"column":123}},"62":{"start":{"line":129,"column":26},"end":{"line":144,"column":10}},"63":{"start":{"line":135,"column":51},"end":{"line":135,"column":57}},"64":{"start":{"line":136,"column":71},"end":{"line":136,"column":77}},"65":{"start":{"line":138,"column":51},"end":{"line":140,"column":18}},"66":{"start":{"line":142,"column":72},"end":{"line":142,"column":115}},"67":{"start":{"line":143,"column":57},"end":{"line":143,"column":63}},"68":{"start":{"line":146,"column":8},"end":{"line":146,"column":44}},"69":{"start":{"line":150,"column":8},"end":{"line":150,"column":54}},"70":{"start":{"line":151,"column":8},"end":{"line":151,"column":53}},"71":{"start":{"line":152,"column":27},"end":{"line":152,"column":63}},"72":{"start":{"line":153,"column":8},"end":{"line":153,"column":64}},"73":{"start":{"line":153,"column":42},"end":{"line":153,"column":62}},"74":{"start":{"line":157,"column":34},"end":{"line":157,"column":36}},"75":{"start":{"line":158,"column":8},"end":{"line":249,"column":9}},"76":{"start":{"line":159,"column":12},"end":{"line":159,"column":56}},"77":{"start":{"line":159,"column":47},"end":{"line":159,"column":56}},"78":{"start":{"line":160,"column":28},"end":{"line":160,"column":89}},"79":{"start":{"line":161,"column":29},"end":{"line":161,"column":97}},"80":{"start":{"line":162,"column":12},"end":{"line":162,"column":48}},"81":{"start":{"line":162,"column":39},"end":{"line":162,"column":48}},"82":{"start":{"line":164,"column":12},"end":{"line":248,"column":13}},"83":{"start":{"line":166,"column":31},"end":{"line":166,"column":55}},"84":{"start":{"line":167,"column":20},"end":{"line":167,"column":41}},"85":{"start":{"line":167,"column":35},"end":{"line":167,"column":41}},"86":{"start":{"line":168,"column":20},"end":{"line":173,"column":90}},"87":{"start":{"line":168,"column":48},"end":{"line":168,"column":72}},"88":{"start":{"line":169,"column":25},"end":{"line":173,"column":90}},"89":{"start":{"line":169,"column":53},"end":{"line":169,"column":86}},"90":{"start":{"line":170,"column":25},"end":{"line":173,"column":90}},"91":{"start":{"line":170,"column":53},"end":{"line":170,"column":89}},"92":{"start":{"line":171,"column":25},"end":{"line":173,"column":90}},"93":{"start":{"line":171,"column":53},"end":{"line":171,"column":90}},"94":{"start":{"line":172,"column":25},"end":{"line":173,"column":90}},"95":{"start":{"line":172,"column":53},"end":{"line":172,"column":89}},"96":{"start":{"line":173,"column":25},"end":{"line":173,"column":90}},"97":{"start":{"line":173,"column":53},"end":{"line":173,"column":90}},"98":{"start":{"line":174,"column":20},"end":{"line":174,"column":26}},"99":{"start":{"line":177,"column":32},"end":{"line":177,"column":52}},"100":{"start":{"line":178,"column":33},"end":{"line":178,"column":55}},"101":{"start":{"line":179,"column":20},"end":{"line":188,"column":108}},"102":{"start":{"line":180,"column":37},"end":{"line":180,"column":80}},"103":{"start":{"line":181,"column":24},"end":{"line":181,"column":114}},"104":{"start":{"line":181,"column":41},"end":{"line":181,"column":114}},"105":{"start":{"line":183,"column":25},"end":{"line":188,"column":108}},"106":{"start":{"line":183,"column":61},"end":{"line":183,
[...]
d":{"line":198,"column":13}},"type":"if","locations":[{"start":{"line":192,"column":12},"end":{"line":198,"column":13}}]},"33":{"loc":{"start":{"line":194,"column":26},"end":{"line":194,"column":47}},"type":"binary-expr","locations":[{"start":{"line":194,"column":26},"end":{"line":194,"column":36}},{"start":{"line":194,"column":40},"end":{"line":194,"column":47}}]},"34":{"loc":{"start":{"line":195,"column":28},"end":{"line":195,"column":45}},"type":"binary-expr","locations":[{"start":{"line":195,"column":28},"end":{"line":195,"column":40}},{"start":{"line":195,"column":44},"end":{"line":195,"column":45}}]},"35":{"loc":{"start":{"line":200,"column":12},"end":{"line":206,"column":13}},"type":"if","locations":[{"start":{"line":200,"column":12},"end":{"line":206,"column":13}}]},"36":{"loc":{"start":{"line":202,"column":26},"end":{"line":202,"column":51}},"type":"binary-expr","locations":[{"start":{"line":202,"column":26},"end":{"line":202,"column":40}},{"start":{"line":202,"column":44},"end":{"line":202,"column":51}}]},"37":{"loc":{"start":{"line":203,"column":28},"end":{"line":203,"column":49}},"type":"binary-expr","locations":[{"start":{"line":203,"column":28},"end":{"line":203,"column":44}},{"start":{"line":203,"column":48},"end":{"line":203,"column":49}}]},"38":{"loc":{"start":{"line":208,"column":25},"end":{"line":208,"column":68}},"type":"binary-expr","locations":[{"start":{"line":208,"column":25},"end":{"line":208,"column":62}},{"start":{"line":208,"column":66},"end":{"line":208,"column":68}}]},"39":{"loc":{"start":{"line":219,"column":26},"end":{"line":219,"column":51}},"type":"binary-expr","locations":[{"start":{"line":219,"column":26},"end":{"line":219,"column":40}},{"start":{"line":219,"column":44},"end":{"line":219,"column":51}}]},"40":{"loc":{"start":{"line":227,"column":12},"end":{"line":236,"column":13}},"type":"if","locations":[{"start":{"line":227,"column":12},"end":{"line":236,"column":13}}]},"41":{"loc":{"start":{"line":227,"column":16},"end":{"line":227,"column":77}},"type":"binary-expr","locations":[{"start":{"line":227,"column":16},"end":{"line":227,"column":46}},{"start":{"line":227,"column":50},"end":{"line":227,"column":77}}]},"42":{"loc":{"start":{"line":245,"column":12},"end":{"line":245,"column":27}},"type":"if","locations":[{"start":{"line":245,"column":12},"end":{"line":245,"column":27}}]},"43":{"loc":{"start":{"line":248,"column":25},"end":{"line":248,"column":48}},"type":"binary-expr","locations":[{"start":{"line":248,"column":25},"end":{"line":248,"column":37}},{"start":{"line":248,"column":41},"end":{"line":248,"column":48}}]},"44":{"loc":{"start":{"line":251,"column":12},"end":{"line":251,"column":107}},"type":"if","locations":[{"start":{"line":251,"column":12},"end":{"line":251,"column":107}}]},"45":{"loc":{"start":{"line":256,"column":12},"end":{"line":261,"column":13}},"type":"if","locations":[{"start":{"line":256,"column":12},"end":{"line":261,"column":13}}]},"46":{"loc":{"start":{"line":257,"column":16},"end":{"line":257,"column":98}},"type":"if","locations":[{"start":{"line":257,"column":16},"end":{"line":257,"column":98}}]},"47":{"loc":{"start":{"line":258,"column":16},"end":{"line":258,"column":118}},"type":"if","locations":[{"start":{"line":258,"column":16},"end":{"line":258,"column":118}}]},"48":{"loc":{"start":{"line":267,"column":12},"end":{"line":267,"column":43}},"type":"if","locations":[{"start":{"line":267,"column":12},"end":{"line":267,"column":43}}]},"49":{"loc":{"start":{"line":267,"column":16},"end":{"line":267,"column":34}},"type":"binary-expr","locations":[{"start":{"line":267,"column":16},"end":{"line":267,"column":18}},{"start":{"line":267,"column":22},"end":{"line":267,"column":34}}]},"50":{"loc":{"start":{"line":271,"column":25},"end":{"line":271,"column":49}},"type":"binary-expr","locations":[{"start":{"line":271,"column":25},"end":{"line":271,"column":38}},{"start":{"line":271,"column":42},"end":{"line":271,"column":49}}]},"51":{"loc":{"start":{"line":274,"column":12},"end":{"line":294,"column":13}},"type":"if","locations":[{"start":{"line":274,"column":12},"end":{"line":294,"column":13}}]},"52":{"loc":{"start":{"line":278,"column":16},"end":{"line":278,"column":119}},"type":"if","locations":[{"start":{"line":278,"column":16},"end":{"line":278,"column":119}}]},"53":{"loc":{"start":{"line":283,"column":16},"end":{"line":293,"column":17}},"type":"if","locations":[{"start":{"line":283,"column":16},"end":{"line":293,"column":17}}]},"54":{"loc":{"start":{"line":285,"column":20},"end":{"line":285,"column":110}},"type":"if","locations":[{"start":{"line":285,"column":20},"end":{"line":285,"column":110}}]},"55":{"loc":{"start":{"line":286,"column":20},"end":{"line":286,"column":130}},"type":"if","locations":[{"start":{"line":286,"column":20},"end":{"line":286,"column":130}}]},"56":{"loc":{"start":{"line":291,"column":20},"end":{"line":291,"column":102}},"type":"if","locations":[{"start":{"line":291,"column":20},"end":{"line":291,"column":102}}]},"57":{"loc":{"start":{"line":300,"column":16},"end":{"line":304,"column":17}},"type":"if","locations":[{"start":{"line":300,"column":16},"end":{"line":304,"column":17}}]},"58":{"loc":{"start":{"line":311,"column":12},"end":{"line":324,"column":13}},"type":"if","locations":[{"start":{"line":311,"column":12},"end":{"line":324,"column":13}}]},"59":{"loc":{"start":{"line":315,"column":24},"end":{"line":319,"column":25}},"type":"if","locations":[{"start":{"line":315,"column":24},"end":{"line":319,"column":25}}]},"60":{"loc":{"start":{"line":332,"column":12},"end":{"line":337,"column":13}},"type":"if","locations":[{"start":{"line":332,"column":12},"end":{"line":337,"column":13}}]},"61":{"loc":{"start":{"line":334,"column":16},"end":{"line":334,"column":108}},"type":"if","locations":[{"start":{"line":334,"column":16},"end":{"line":334,"column":108}}]},"62":{"loc":{"start":{"line":334,"column":66},"end":{"line":334,"column":102}},"type":"binary-expr","locations":[{"start":{"line":334,"column":66},"end":{"line":334,"column":97}},{"start":{"line":334,"column":101},"end":{"line":334,"column":102}}]},"63":{"loc":{"start":{"line":335,"column":16},"end":{"line":335,"column":98}},"type":"if","locations":[{"start":{"line":335,"column":16},"end":{"line":335,"column":98}}]},"64":{"loc":{"start":{"line":335,"column":60},"end":{"line":335,"column":92}},"type":"binary-expr","locations":[{"start":{"line":335,"column":60},"end":{"line":335,"column":87}},{"start":{"line":335,"column":91},"end":{"line":335,"column":92}}]},"65":{"loc":{"start":{"line":336,"column":16},"end":{"line":336,"column":118}},"type":"if","locations":[{"start":{"line":336,"column":16},"end":{"line":336,"column":118}}]},"66":{"loc":{"start":{"line":336,"column":72},"end":{"line":336,"column":112}},"type":"binary-expr","locations":[{"start":{"line":336,"column":72},"end":{"line":336,"column":107}},{"start":{"line":336,"column":111},"end":{"line":336,"column":112}}]},"67":{"loc":{"start":{"line":366,"column":8},"end":{"line":366,"column":67}},"type":"if","locations":[{"start":{"line":366,"column":8},"end":{"line":366,"column":67}}]},"68":{"loc":{"start":{"line":367,"column":8},"end":{"line":367,"column":61}},"type":"if","locations":[{"start":{"line":367,"column":8},"end":{"line":367,"column":61}}]},"69":{"loc":{"start":{"line":377,"column":25},"end":{"line":377,"column":73}},"type":"binary-expr","locations":[{"start":{"line":377,"column":25},"end":{"line":377,"column":67}},{"start":{"line":377,"column":71},"end":{"line":377,"column":73}}]},"70":{"loc":{"start":{"line":381,"column":42},"end":{"line":381,"column":105}},"type":"cond-expr","locations":[{"start":{"line":381,"column":60},"end":{"line":381,"column":101}},{"start":{"line":381,"column":104},"end":{"line":381,"column":105}}]},"71":{"loc":{"start":{"line":389,"column":25},"end":{"line":389,"column":55}},"type":"binary-expr","locations":[{"start":{"line":389,"column":25},"end":{"line":389,"column":37}},{"start":{"line":389,"column":41},"end":{"line":389,"column":55}}]},"72":{"loc":{"start":{"line":390,"column":12},"end":{"line":397,"column":13}},"type":"if","locations":[{"start":{"line":390,"column":12},"end":{"line":397,"column":13}}]},"73":{"loc":{"start":{"line":400,"column":12},"end":{"line":400,"column":30}},"type":"if","locations":[{"start":{"line":400,"column":12},"end":{"line":400,"column":30}}]},"74":{"loc":{"start":{"line":403,"column":12},"end":{"line":403,"column":40}},"type":"if","locations":[{"start":{"line":403,"column":12},"end":{"line":403,"column":40}}]},"75":{"loc":{"start":{"line":410,"column":12},"end":{"line":417,"column":13}},"type":"if","locations":[{"start":{"line":410,"column":12},"end":{"line":417,"column":13}}]},"76":{"loc":{"start":{"line":422,"column":12},"end":{"line":424,"column":13}},"type":"if","locations":[{"start":{"line":422,"column":12},"end":{"line":424,"column":13}}]},"77":{"loc":{"start":{"line":433,"column":31},"end":{"line":433,"column":97}},"type":"cond-expr","locations":[{"start":{"line":433,"column":54},"end":{"line":433,"column":93}},{"start":{"line":433,"column":96},"end":{"line":433,"column":97}}]},"78":{"loc":{"start":{"line":439,"column":23},"end":{"line":439,"column":65}},"type":"cond-expr","locations":[{"start":{"line":439,"column":37},"end":{"line":439,"column":61}},{"start":{"line":439,"column":64},"end":{"line":439,"column":65}}]},"79":{"loc":{"start":{"line":473,"column":31},"end":{"line":473,"column":114}},"type":"binary-expr","locations":[{"start":{"line":473,"column":31},"end":{"line":473,"column":72}},{"start":{"line":473,"column":76},"end":{"line":473,"column":114}}]},"80":{"loc":{"start":{"line":474,"column":33},"end":{"line":474,"column":67}},"type":"cond-expr","locations":[{"start":{"line":474,"column":46},"end":{"line":474,"column":63}},{"start":{"line":474,"column":66},"end":{"line":474,"column":67}}]},"81":{"loc":{"start":{"line":475,"column":30},"end":{"line":475,"column":53}},"type":"cond-expr","locations":[{"start":{"line":475,"column":43},"end":{"line":475,"column":47}},{"start":{"line":475,"column":50},"end":{"line":475,"column":53}}]},"82":{"loc":{"start":{"line":481,"column":30},"end":{"line":481,"column":103}},"type":"cond-expr","locations":[{"start":{"line":481,"column":46},"end":{"line":481,"column":99}},{"start":{"line":481,"column":102},"end":{"line":481,"column":103}}]}},"s":{"0":5,"1":5,"2":5,"3":5,"4":5,"5":5,"6":5,"7":9,"8":9,"9":9,"10":9,"11":2,"12":7,"13":7,"14":7,"15":7,"16":0,"17":0,"18":0,"19":0,"20":0,"21":0,"22":0,"23":0,"24":0,"25":0,"26":0,"27":7,"28":7,"29":7,"30":7,"31":7,"32":7,"33":7,"34":7,"35":7,"36":7,"37":7,"38":1,"39":6,"40":6,"41":0,"42":6,"43":6,"44":6,"45":2,"46":2,"47":2,"48":0,"49":2,"50":2,"51":2,"52":2,"53":2,"54":2,"55":0,"56":2,"57":2,"58":0,"59":2,"60":4,"61":4,"62":4,"63":4,"64":0,"65":4,"66":4,"67":2,"68":2,"69":4,"70":4,"71":3,"72":4,"73":4,"74":0,"75":4,"76":0,"77":4,"78":0,"79":4,"80":4,"81":2,"82":0,"83":4,"84":4,"85":4,"86":3,"87":3,"88":0,"89":3,"90":3,"91":3,"92":3,"93":3,"94":3,"95":3,"96":3,"97":3,"98":3,"99":3,"100":5,"101":3,"102":3,"103":0,"104":0,"105":3,"106":3,"107":4,"108":2,"109":2,"110":0,"111":2,"112":2,"113":2,"114":0,"115":2,"116":2,"117":2,"118":0,"119":0,"120":0,"121":0,"122":0,"123":0,"124":4,"125":0,"126":0,"127":0,"128":0,"129":0,"130":0,"131":0,"132":0,"133":0,"134":0,"135":0,"136":0,"137":0,"138":0,"139":0,"140":0,"141":0,"142":0,"143":0,"144":0,"145":0,"146":0,"147":0,"148":0,"149":4,"150":3,"151":3,"152":2,"153":4,"154":3,"155":3,"156":0,"157":3,"158":0,"159":0,"160":0,"161":0,"162":0,"163":0,"164":0,"165":0,"166":0,"167":4,"168":4,"169":4,"170":2,"171":2,"172":2,"173":2,"174":0,"175":2,"176":0,"177":2,"178":0,"179":4,"180":1,"181":1,"182":1,"183":1,"184":1,"185":0,"186":1,"187":0,"188":1,"189":1,"190":1,"191":1,"192":1,"193":2,"194":2,"195":1,"196":1,"197":0,"198":0,"199":0,"200":0,"201":0,"202":0,"203":0,"204":0,"205":0,"206":0,"207":0,"208":0,"209":0,"210":0,"211":0,"212":0,"213":0,"214":0,"215":0,"216":1,"217":0,"218":1,"219":0,"220":1,"221":0,"222":0,"223":0,"224":0,"225":0,"226":1,"227":0,"228":0,"229":0,"230":0,"231":0,"232":0,"233":0,"234":0,"235":0,"236":0,"237":0,"238":5},"f":{"0":9,"1":4,"2":3,"3":2,"4":0,"5":3,"6":5,"7":0,"8":2,"9":0,"10":0,"11":3,"12":3,"13":4,"14":0,"15":0,"16":0,"17":0,"18":0,"19":2,"20":1,"21":1,"22":1,"23":2,"24":2,"25":0,"26":0,"27":0,"28":0,"29":0,"30":0,"31":0,"32":0,"33":0,"34":0},"b":{"0":[2],"1":[0],"2":[0],"3":[0,0],"4":[0,0],"5":[0,0],"6":[7],"7":[1],"8":[0],"9":[2,4],"10":[2,0,0],"11":[0],"12":[2,2],"13":[2,0],"14":[2,0],"15":[2,0,0],"16":[0],"17":[0],"18":[2,2],"19":[2,0,0,0],"20":[4,0,0],"21":[0],"22":[2],"23":[4,4],"24":[2,2,2],"25":[2],"26":[0],"27":[0],"28":[0],"29":[0],"30":[3,0],"31":[3,0],"32":[3],"33":[3,0],"34":[3,0],"35":[3],"36":[3,0],"37":[3,0],"38":[3,0],"39":[3,0],"40":[0],"41":[3,0],"42":[0],"43":[2,2],"44":[0],"45":[0],"46":[0],"47":[0],"48":[0],"49":[0,0],"50":[0,0],"51":[0],"52":[0],"53":[0],"54":[0],"55":[0],"56":[0],"57":[2],"58":[0],"59":[0],"60":[2],"61":[0],"62":[0,0],"63":[0],"64":[0,0],"65":[0],"66":[0,0],"67":[0],"68":[0],"69":[1,0],"70":[2,0],"71":[0,0],"72":[0],"73":[0],"74":[0],"75":[0],"76":[0],"77":[0,0],"78":[0,0],"79":[0,0],"80":[0,0],"81":[0,0],"82":[0,0]}}
,"C:\\Users\\UEA-EST\\Documents\\GitHub\\CPA\\backend\\src\\services\\universityTokenStore.ts": {"path":"C:\\Users\\UEA-EST\\Documents\\GitHub\\CPA\\backend\\src\\services\\universityTokenStore.ts","statementMap":{"0":{"start":{"line":20,"column":4},"end":{"line":20,"column":22}},"1":{"start":{"line":21,"column":4},"end":{"line":21,"column":22}},"2":{"start":{"line":22,"column":4},"end":{"line":22,"column":24}},"3":{"start":{"line":1,"column":21},"end":{"line":1,"column":46}},"4":{"start":{"line":4,"column":4},"end":{"line":4,"column":38}},"5":{"start":{"line":8,"column":4},"end":{"line":8,"column":51}},"6":{"start":{"line":12,"column":4},"end":{"line":12,"column":51}},"7":{"start":{"line":16,"column":4},"end":{"line":16,"column":47}}},"fnMap":{"0":{"name":"normalizeEmail","decl":{"start":{"line":3,"column":9},"end":{"line":3,"column":23}},"loc":{"start":{"line":3,"column":37},"end":{"line":5,"column":1}}},"1":{"name":"setUniversityToken","decl":{"start":{"line":7,"column":9},"end":{"line":7,"column":27}},"loc":{"start":{"line":7,"column":56},"end":{"line":9,"column":1}}},"2":{"name":"getUniversityToken","decl":{"start":{"line":11,"column":9},"end":{"line":11,"column":27}},"loc":{"start":{"line":11,"column":41},"end":{"line":13,"column":1}}},"3":{"name":"clearUniversityToken","decl":{"start":{"line":15,"column":9},"end":{"line":15,"column":29}},"loc":{"start":{"line":15,"column":43},"end":{"line":17,"column":1}}}},"branchMap":{},"s":{"0":5,"1":5,"2":5,"3":5,"4":0,"5":0,"6":0,"7":0},"f":{"0":0,"1":0,"2":0,"3":0},"b":{}}
,"C:\\Users\\UEA-EST\\Documents\\GitHub\\CPA\\backend\\src\\utils\\hashUtils.ts": {"path":"C:\\Users\\UEA-EST\\Documents\\GitHub\\CPA\\backend\\src\\utils\\hashUtils.ts","statementMap":{"0":{"start":{"line":14,"column":0},"end":{"line":14,"column":16}},"1":{"start":{"line":1,"column":0},"end":{"line":1,"column":28}},"2":{"start":{"line":15,"column":23},"end":{"line":15,"column":74}},"3":{"start":{"line":16,"column":19},"end":{"line":16,"column":52}},"4":{"start":{"line":18,"column":4},"end":{"line":23,"column":5}},"5":{"start":{"line":19,"column":8},"end":{"line":22,"column":27}},"6":{"start":{"line":25,"column":4},"end":{"line":28,"column":23}}},"fnMap":{"0":{"name":"hashMatricula","decl":{"start":{"line":14,"column":16},"end":{"line":14,"column":29}},"loc":{"start":{"line":14,"column":67},"end":{"line":29,"column":1}}}},"branchMap":{"0":{"loc":{"start":{"line":15,"column":23},"end":{"line":15,"column":74}},"type":"cond-expr","locations":[{"start":{"line":15,"column":35},"end":{"line":15,"column":62}},{"start":{"line":15,"column":65},"end":{"line":15,"column":74}}]},"1":{"loc":{"start":{"line":18,"column":4},"end":{"line":23,"column":5}},"type":"if","locations":[{"start":{"line":18,"column":4},"end":{"line":23,"column":5}}]},"2":{"loc":{"start":{"line":18,"column":8},"end":{"line":18,"column":35}},"type":"binary-expr","locations":[{"start":{"line":18,"column":8},"end":{"line":18,"column":14}},{"start":{"line":18,"column":18},"end":{"line":18,"column":35}}]}},"s":{"0":5,"1":5,"2":11,"3":11,"4":11,"5":11,"6":0},"f":{"0":11},"b":{"0":[0,11],"1":[11],"2":[11,11]}}
,"C:\\Users\\UEA-EST\\Documents\\GitHub\\CPA\\backend\\src\\utils\\normalizeQuestaoIds.ts": {"path":"C:\\Users\\UEA-EST\\Documents\\GitHub\\CPA\\backend\\src\\utils\\normalizeQuestaoIds.ts","statementMap":{"0":{"start":{"line":13,"column":0},"end":{"line":13,"column":16}},"1":{"start":{"line":1,"column":0},"end":{"line":1,"column":57}},"2":{"start":{"line":14,"column":27},"end":{"line":14,"column":29}},"3":{"start":{"line":15,"column":29},"end":{"line":15,"column":31}},"4":{"start":{"line":17,"column":4},"end":{"line":32,"column":5}},"5":{"start":{"line":18,"column":8},"end":{"line":21,"column":9}},"6":{"start":{"line":19,"column":12},"end":{"line":19,"column":27}},"7":{"start":{"line":20,"column":12},"end":{"line":20,"column":21}},"8":{"start":{"line":22,"column":20},"end":{"line":22,"column":29}},"9":{"start":{"line":24,"column":22},"end":{"line":24,"column":44}},"10":{"start":{"line":25,"column":23},"end":{"line":25,"column":73}},"11":{"start":{"line":27,"column":8},"end":{"line":31,"column":9}},"12":{"start":{"line":28,"column":12},"end":{"line":28,"column":32}},"13":{"start":{"line":30,"column":12},"end":{"line":30,"column":28}},"14":{"start":{"line":34,"column":4},"end":{"line":39,"column":5}},"15":{"start":{"line":35,"column":8},"end":{"line":38,"column":10}},"16":{"start":{"line":43,"column":4},"end":{"line":43,"column":32}}},"fnMap":{"0":{"name":"normalizeQuestaoIds","decl":{"start":{"line":13,"column":16},"end":{"line":13,"column":35}},"loc":{"start":{"line":13,"column":51},"end":{"line":44,"column":1}}}},"branchMap":{"0":{"loc":{"start":{"line":18,"column":8},"end":{"line":21,"column":9}},"type":"if","locations":[{"start":{"line":18,"column":8},"end":{"line":21,"column":9}}]},"1":{"loc":{"start":{"line":18,"column":12},"end":{"line":18,"column":55}},"type":"binary-expr","locations":[{"start":{"line":18,"column":12},"end":{"line":18,"column":33}},{"start":{"line":18,"column":37},"end":{"line":18,"column":55}}]},"2":{"loc":{"start":{"line":25,"column":23},"end":{"line":25,"column":73}},"type":"cond-expr","locations":[{"start":{"line":25,"column":31},"end":{"line":25,"column":53}},{"start":{"line":25,"column":56},"end":{"line":25,"column":73}}]},"3":{"loc":{"start":{"line":27,"column":8},"end":{"line":31,"column":9}},"type":"if","locations":[{"start":{"line":27,"column":8},"end":{"line":31,"column":9}},{"start":{"line":29,"column":15},"end":{"line":31,"column":9}}]},"4":{"loc":{"start":{"line":34,"column":4},"end":{"line":39,"column":5}},"type":"if","locations":[{"start":{"line":34,"column":4},"end":{"line":39,"column":5}}]}},"s":{"0":5,"1":5,"2":0,"3":0,"4":0,"5":0,"6":0,"7":0,"8":0,"9":0,"10":0,"11":0,"12":0,"13":0,"14":0,"15":0,"16":0},"f":{"0":0},"b":{"0":[0],"1":[0,0],"2":[0,0],"3":[0,0],"4":[0]}}
,"C:\\Users\\UEA-EST\\Documents\\GitHub\\CPA\\backend\\src\\validators\\avaliacoesValidator.ts": {"path":"C:\\Users\\UEA-EST\\Documents\\GitHub\\CPA\\backend\\src\\validators\\avaliacoesValidator.ts","statementMap":{"0":{"start":{"line":1,"column":0},"end":{"line":1,"column":27}},"1":{"start":{"line":3,"column":13},"end":{"line":17,"column":3}}},"fnMap":{},"branchMap":{},"s":{"0":5,"1":5},"f":{},"b":{}}
,"C:\\Users\\UEA-EST\\Documents\\GitHub\\CPA\\backend\\src\\validators\\respostasValidator.ts": {"path":"C:\\Users\\UEA-EST\\Documents\\GitHub\\CPA\\backend\\src\\validators\\respostasValidator.ts","statementMap":{"0":{"start":{"line":1,"column":0},"end":{"line":1,"column":27}},"1":{"start":{"line":3,"column":13},"end":{"line":14,"column":3}},"2":{"start":{"line":16,"column":13},"end":{"line":22,"column":3}}},"fnMap":{},"branchMap":{},"s":{"0":5,"1":5,"2":5},"f":{},"b":{}}
}
