TN:
SF:src\config\env.ts
FN:25,(anonymous_1)
FNF:1
FNH:0
FNDA:0,(anonymous_1)
DA:1,5
DA:2,5
DA:4,5
DA:6,5
DA:18,5
DA:20,5
DA:21,0
DA:24,5
DA:25,0
DA:28,5
DA:39,5
LF:11
LH:9
BRDA:20,0,0,0
BRDA:24,1,0,0
BRDA:24,1,1,5
BRDA:34,2,0,5
BRDA:34,2,1,0
BRDA:34,3,0,0
BRDA:34,3,1,0
BRF:7
BRH:2
end_of_record
TN:
SF:src\controllers\avaliacoesController.ts
FN:12,(anonymous_1)
FN:18,(anonymous_2)
FN:29,(anonymous_3)
FN:37,(anonymous_4)
FN:43,(anonymous_5)
FN:54,(anonymous_6)
FN:60,(anonymous_7)
FN:67,(anonymous_8)
FN:73,(anonymous_9)
FNF:9
FNH:3
FNDA:2,(anonymous_1)
FNDA:1,(anonymous_2)
FNDA:0,(anonymous_3)
FNDA:0,(anonymous_4)
FNDA:0,(anonymous_5)
FNDA:0,(anonymous_6)
FNDA:0,(anonymous_7)
FNDA:1,(anonymous_8)
FNDA:0,(anonymous_9)
DA:2,5
DA:3,5
DA:4,5
DA:5,5
DA:12,5
DA:13,2
DA:14,2
DA:15,1
DA:18,5
DA:19,1
DA:20,1
DA:21,1
DA:22,1
DA:23,1
DA:24,1
DA:25,1
DA:26,1
DA:29,5
DA:30,0
DA:31,0
DA:33,0
DA:34,0
DA:37,5
DA:38,0
DA:39,0
DA:40,0
DA:43,5
DA:44,0
DA:46,0
DA:47,0
DA:49,0
DA:50,0
DA:51,0
DA:54,5
DA:55,0
DA:56,0
DA:57,0
DA:60,5
DA:61,0
DA:62,0
DA:63,0
DA:64,0
DA:67,5
DA:68,1
DA:69,1
DA:70,1
DA:73,5
DA:74,0
DA:75,0
DA:77,0
DA:78,0
DA:81,0
DA:82,0
DA:86,5
DA:87,5
DA:88,5
DA:89,5
DA:90,5
DA:91,5
DA:92,5
DA:93,5
DA:94,5
LF:62
LH:36
BRDA:19,0,0,1
BRDA:19,0,1,1
BRDA:20,1,0,1
BRDA:20,1,1,0
BRDA:21,2,0,0
BRDA:21,2,1,1
BRDA:22,3,0,1
BRDA:22,3,1,1
BRDA:24,4,0,0
BRDA:31,5,0,0
BRDA:31,6,0,0
BRDA:31,6,1,0
BRDA:46,7,0,0
BRDA:77,8,0,0
BRF:14
BRH:6
end_of_record
TN:
SF:src\controllers\respostasController.ts
FN:11,(anonymous_1)
FN:21,(anonymous_2)
FN:33,(anonymous_3)
FN:43,(anonymous_4)
FNF:4
FNH:3
FNDA:6,(anonymous_1)
FNDA:2,(anonymous_2)
FNDA:1,(anonymous_3)
FNDA:0,(anonymous_4)
DA:2,5
DA:3,5
DA:4,5
DA:11,5
DA:13,6
DA:15,6
DA:16,6
DA:18,3
DA:21,5
DA:22,2
DA:23,2
DA:25,2
DA:30,2
DA:33,5
DA:34,1
DA:35,1
DA:36,1
DA:40,1
DA:43,5
DA:44,0
DA:45,0
DA:49,5
DA:50,5
DA:51,5
DA:52,5
LF:25
LH:23
BRF:0
BRH:0
end_of_record
TN:
SF:src\middleware\authMiddleware.ts
FN:9,getCookieToken
FN:37,authenticateToken
FN:51,(anonymous_3)
FN:69,authorize
FN:70,(anonymous_5)
FNF:5
FNH:5
FNDA:35,getCookieToken
FNDA:35,authenticateToken
FNDA:33,(anonymous_3)
FNDA:45,authorize
FNDA:8,(anonymous_5)
DA:2,5
DA:3,5
DA:4,5
DA:7,5
DA:10,35
DA:12,33
DA:13,33
DA:14,33
DA:15,33
DA:16,33
DA:20,0
DA:23,5
DA:38,35
DA:39,35
DA:41,35
DA:42,2
DA:45,33
DA:46,33
DA:47,0
DA:48,0
DA:51,33
DA:52,33
DA:53,0
DA:54,0
DA:56,0
DA:59,33
DA:60,33
DA:61,0
DA:64,33
DA:65,33
DA:70,45
DA:71,8
DA:73,8
DA:74,8
DA:75,1
DA:78,7
DA:83,5
DA:84,5
LF:38
LH:31
BRDA:10,0,0,2
BRDA:15,1,0,33
BRDA:41,2,0,2
BRDA:46,3,0,0
BRDA:52,4,0,0
BRDA:53,5,0,0
BRDA:60,6,0,0
BRDA:71,7,0,0
BRDA:74,8,0,1
BRF:9
BRH:4
end_of_record
TN:
SF:src\middleware\errorMiddleware.ts
FN:11,(anonymous_0)
FN:22,(anonymous_1)
FN:22,(anonymous_2)
FN:29,(anonymous_3)
FNF:4
FNH:4
FNDA:9,(anonymous_0)
FNDA:65,(anonymous_1)
FNDA:13,(anonymous_2)
FNDA:4,(anonymous_3)
DA:2,5
DA:7,5
DA:12,9
DA:13,9
DA:14,9
DA:15,9
DA:22,65
DA:23,13
DA:29,5
DA:30,4
DA:31,0
DA:38,4
DA:39,4
DA:41,4
DA:42,4
DA:43,0
DA:46,4
LF:17
LH:15
BRDA:11,0,0,0
BRDA:11,1,0,9
BRDA:30,2,0,0
BRDA:38,3,0,4
BRDA:38,3,1,0
BRDA:39,4,0,4
BRDA:39,4,1,0
BRDA:42,5,0,0
BRDA:49,6,0,0
BRDA:49,6,1,4
BRDA:49,7,0,4
BRDA:49,7,1,0
BRF:12
BRH:5
end_of_record
TN:
SF:src\repositories\avaliacaoRepository.ts
FN:14,(anonymous_10)
FN:21,(anonymous_11)
FN:62,(anonymous_12)
FN:78,(anonymous_13)
FN:104,(anonymous_14)
FN:120,(anonymous_15)
FN:177,(anonymous_16)
FN:189,(anonymous_17)
FN:199,(anonymous_18)
FN:206,(anonymous_19)
FN:212,(anonymous_20)
FN:215,(anonymous_21)
FN:218,(anonymous_22)
FN:221,(anonymous_23)
FN:224,(anonymous_24)
FN:232,(anonymous_25)
FN:239,(anonymous_26)
FN:249,(anonymous_27)
FN:259,(anonymous_28)
FN:266,(anonymous_29)
FN:280,(anonymous_30)
FN:297,(anonymous_31)
FNF:22
FNH:15
FNDA:1,(anonymous_10)
FNDA:0,(anonymous_11)
FNDA:1,(anonymous_12)
FNDA:0,(anonymous_13)
FNDA:1,(anonymous_14)
FNDA:0,(anonymous_15)
FNDA:0,(anonymous_16)
FNDA:1,(anonymous_17)
FNDA:1,(anonymous_18)
FNDA:1,(anonymous_19)
FNDA:2,(anonymous_20)
FNDA:1,(anonymous_21)
FNDA:2,(anonymous_22)
FNDA:1,(anonymous_23)
FNDA:2,(anonymous_24)
FNDA:0,(anonymous_25)
FNDA:1,(anonymous_26)
FNDA:1,(anonymous_27)
FNDA:1,(anonymous_28)
FNDA:0,(anonymous_29)
FNDA:0,(anonymous_30)
FNDA:5,(anonymous_31)
DA:2,5
DA:3,5
DA:4,5
DA:5,5
DA:6,5
DA:7,5
DA:14,5
DA:15,1
DA:21,5
DA:22,0
DA:42,5
DA:62,5
DA:63,1
DA:78,5
DA:79,0
DA:104,5
DA:105,1
DA:120,5
DA:127,0
DA:134,0
DA:135,0
DA:139,0
DA:140,0
DA:144,0
DA:145,0
DA:146,0
DA:147,0
DA:149,0
DA:150,0
DA:153,0
DA:156,0
DA:177,5
DA:178,0
DA:189,5
DA:190,1
DA:199,5
DA:200,1
DA:206,5
DA:207,1
DA:212,5
DA:213,2
DA:215,5
DA:216,1
DA:218,5
DA:219,2
DA:221,5
DA:222,1
DA:224,5
DA:225,2
DA:232,5
DA:233,0
DA:239,5
DA:240,1
DA:249,5
DA:250,1
DA:259,5
DA:260,1
DA:266,5
DA:267,0
DA:280,5
DA:281,0
DA:297,5
DA:298,5
DA:311,5
DA:312,5
DA:313,5
DA:314,5
DA:315,5
DA:316,5
DA:317,5
DA:318,5
DA:319,5
DA:320,5
DA:321,5
DA:322,5
DA:323,5
DA:324,5
DA:325,5
DA:326,5
DA:327,5
DA:328,5
DA:329,5
DA:330,5
DA:331,5
DA:332,5
LF:85
LH:66
BRDA:134,0,0,0
BRDA:139,1,0,0
BRDA:139,2,0,0
BRDA:139,2,1,0
BRDA:144,3,0,0
BRDA:144,4,0,0
BRDA:144,4,1,0
BRDA:146,5,0,0
BRDA:149,6,0,0
BRDA:153,7,0,0
BRDA:153,7,1,0
BRF:11
BRH:0
end_of_record
TN:
SF:src\repositories\categoriasRepository.ts
FN:7,(anonymous_1)
FN:16,(anonymous_2)
FN:25,(anonymous_3)
FN:34,(anonymous_4)
FN:41,(anonymous_5)
FN:51,(anonymous_6)
FN:60,(anonymous_7)
FNF:7
FNH:1
FNDA:0,(anonymous_1)
FNDA:0,(anonymous_2)
FNDA:2,(anonymous_3)
FNDA:0,(anonymous_4)
FNDA:0,(anonymous_5)
FNDA:0,(anonymous_6)
FNDA:0,(anonymous_7)
DA:2,5
DA:7,5
DA:8,0
DA:16,5
DA:17,0
DA:25,5
DA:26,2
DA:34,5
DA:35,0
DA:41,5
DA:42,0
DA:51,5
DA:52,0
DA:60,5
DA:61,0
DA:67,5
DA:68,5
DA:69,5
DA:70,5
DA:71,5
DA:72,5
DA:73,5
LF:22
LH:16
BRF:0
BRH:0
end_of_record
TN:
SF:src\repositories\cursosRepository.ts
FN:16,(anonymous_1)
FN:32,(anonymous_2)
FN:45,(anonymous_3)
FN:45,(anonymous_4)
FN:50,(anonymous_5)
FN:50,(anonymous_6)
FN:55,(anonymous_7)
FN:55,(anonymous_8)
FN:63,(anonymous_9)
FN:92,(anonymous_10)
FN:104,(anonymous_11)
FN:113,(anonymous_12)
FN:122,(anonymous_13)
FN:142,(anonymous_14)
FN:162,(anonymous_15)
FN:193,(anonymous_16)
FN:217,(anonymous_17)
FN:227,(anonymous_18)
FN:233,(anonymous_19)
FNF:19
FNH:1
FNDA:0,(anonymous_1)
FNDA:0,(anonymous_2)
FNDA:0,(anonymous_3)
FNDA:0,(anonymous_4)
FNDA:0,(anonymous_5)
FNDA:0,(anonymous_6)
FNDA:0,(anonymous_7)
FNDA:0,(anonymous_8)
FNDA:0,(anonymous_9)
FNDA:0,(anonymous_10)
FNDA:0,(anonymous_11)
FNDA:1,(anonymous_12)
FNDA:0,(anonymous_13)
FNDA:0,(anonymous_14)
FNDA:0,(anonymous_15)
FNDA:0,(anonymous_16)
FNDA:0,(anonymous_17)
FNDA:0,(anonymous_18)
FNDA:0,(anonymous_19)
DA:1,5
DA:16,5
DA:17,0
DA:18,0
DA:20,0
DA:22,0
DA:23,0
DA:29,0
DA:30,0
DA:32,0
DA:33,0
DA:36,0
DA:37,0
DA:40,0
DA:41,0
DA:44,0
DA:45,0
DA:46,0
DA:49,0
DA:50,0
DA:51,0
DA:54,0
DA:55,0
DA:56,0
DA:57,0
DA:62,0
DA:63,0
DA:66,0
DA:75,0
DA:76,0
DA:79,0
DA:80,0
DA:82,0
DA:83,0
DA:86,0
DA:92,5
DA:93,0
DA:95,0
DA:104,5
DA:105,0
DA:113,5
DA:114,1
DA:122,5
DA:123,0
DA:142,5
DA:143,0
DA:162,5
DA:167,0
DA:168,0
DA:169,0
DA:171,0
DA:182,0
DA:193,5
DA:194,0
DA:199,0
DA:200,0
DA:203,0
DA:217,5
DA:218,0
DA:227,5
DA:228,0
DA:233,0
DA:237,5
DA:238,5
DA:239,5
DA:240,5
DA:241,5
DA:242,5
DA:243,5
DA:244,5
DA:245,5
LF:71
LH:21
BRDA:20,0,0,0
BRDA:22,1,0,0
BRDA:29,2,0,0
BRDA:30,3,0,0
BRDA:30,3,1,0
BRDA:36,4,0,0
BRDA:40,5,0,0
BRDA:44,6,0,0
BRDA:46,7,0,0
BRDA:49,8,0,0
BRDA:51,9,0,0
BRDA:54,10,0,0
BRDA:56,11,0,0
BRDA:63,12,0,0
BRDA:63,12,1,0
BRDA:69,13,0,0
BRDA:69,13,1,0
BRDA:75,14,0,0
BRDA:79,15,0,0
BRDA:80,16,0,0
BRDA:82,17,0,0
BRDA:199,18,0,0
BRDA:208,19,0,0
BRDA:208,19,1,0
BRF:24
BRH:0
end_of_record
TN:
SF:src\repositories\modalidadesRepository.ts
FN:7,(anonymous_1)
FN:20,(anonymous_2)
FN:21,(anonymous_3)
FN:23,(anonymous_4)
FN:24,(anonymous_5)
FN:39,(anonymous_6)
FN:52,(anonymous_7)
FN:55,(anonymous_8)
FN:56,(anonymous_9)
FN:68,(anonymous_10)
FN:77,(anonymous_11)
FN:84,(anonymous_12)
FN:94,(anonymous_13)
FNF:13
FNH:1
FNDA:0,(anonymous_1)
FNDA:0,(anonymous_2)
FNDA:0,(anonymous_3)
FNDA:0,(anonymous_4)
FNDA:0,(anonymous_5)
FNDA:0,(anonymous_6)
FNDA:0,(anonymous_7)
FNDA:0,(anonymous_8)
FNDA:0,(anonymous_9)
FNDA:1,(anonymous_10)
FNDA:0,(anonymous_11)
FNDA:0,(anonymous_12)
FNDA:0,(anonymous_13)
DA:2,5
DA:7,5
DA:8,0
DA:21,0
DA:22,0
DA:23,0
DA:24,0
DA:27,0
DA:28,0
DA:30,0
DA:31,0
DA:39,5
DA:40,0
DA:53,0
DA:54,0
DA:55,0
DA:56,0
DA:58,0
DA:59,0
DA:60,0
DA:61,0
DA:68,5
DA:69,1
DA:77,5
DA:78,0
DA:84,5
DA:85,0
DA:94,5
DA:95,0
DA:101,5
DA:102,5
DA:103,5
DA:104,5
DA:105,5
DA:106,5
LF:35
LH:14
BRDA:22,0,0,0
BRDA:22,0,1,0
BRDA:24,1,0,0
BRDA:24,1,1,0
BRDA:28,2,0,0
BRDA:28,2,1,0
BRDA:53,3,0,0
BRDA:54,4,0,0
BRDA:54,4,1,0
BRDA:56,5,0,0
BRDA:56,5,1,0
BRDA:59,6,0,0
BRDA:59,6,1,0
BRF:13
BRH:0
end_of_record
TN:
SF:src\repositories\questoesRepository.ts
FN:7,(anonymous_1)
FN:24,(anonymous_2)
FN:40,(anonymous_3)
FN:49,(anonymous_4)
FN:56,(anonymous_5)
FN:63,(anonymous_6)
FN:70,(anonymous_7)
FN:77,(anonymous_8)
FN:95,(anonymous_9)
FN:102,(anonymous_10)
FNF:10
FNH:1
FNDA:0,(anonymous_1)
FNDA:0,(anonymous_2)
FNDA:2,(anonymous_3)
FNDA:0,(anonymous_4)
FNDA:0,(anonymous_5)
FNDA:0,(anonymous_6)
FNDA:0,(anonymous_7)
FNDA:0,(anonymous_8)
FNDA:0,(anonymous_9)
FNDA:0,(anonymous_10)
DA:2,5
DA:7,5
DA:8,0
DA:24,5
DA:25,0
DA:40,5
DA:41,2
DA:49,5
DA:50,0
DA:56,5
DA:57,0
DA:63,5
DA:64,0
DA:70,5
DA:71,0
DA:77,5
DA:78,0
DA:90,0
DA:92,0
DA:95,0
DA:96,0
DA:97,0
DA:102,0
DA:103,0
DA:104,0
DA:108,0
DA:111,5
LF:27
LH:11
BRDA:90,0,0,0
BRDA:96,1,0,0
BRDA:96,2,0,0
BRDA:96,2,1,0
BRDA:103,3,0,0
BRDA:103,4,0,0
BRDA:103,4,1,0
BRF:7
BRH:0
end_of_record
TN:
SF:src\repositories\respostasRepository.ts
FN:9,(anonymous_1)
FN:21,(anonymous_2)
FN:31,(anonymous_3)
FN:38,(anonymous_4)
FN:45,(anonymous_5)
FN:54,(anonymous_6)
FN:68,(anonymous_7)
FNF:7
FNH:3
FNDA:0,(anonymous_1)
FNDA:0,(anonymous_2)
FNDA:4,(anonymous_3)
FNDA:2,(anonymous_4)
FNDA:1,(anonymous_5)
FNDA:0,(anonymous_6)
FNDA:0,(anonymous_7)
DA:2,5
DA:9,5
DA:10,0
DA:21,5
DA:22,0
DA:31,5
DA:32,4
DA:38,5
DA:39,2
DA:45,5
DA:46,1
DA:54,5
DA:55,0
DA:68,5
DA:69,0
DA:82,5
DA:83,5
DA:84,5
DA:85,5
DA:86,5
DA:87,5
DA:88,5
LF:22
LH:18
BRF:0
BRH:0
end_of_record
TN:
SF:src\repositories\unidadesRepository.ts
FN:6,(anonymous_1)
FN:15,(anonymous_2)
FN:24,(anonymous_3)
FN:33,(anonymous_4)
FNF:4
FNH:1
FNDA:0,(anonymous_1)
FNDA:0,(anonymous_2)
FNDA:2,(anonymous_3)
FNDA:0,(anonymous_4)
DA:1,5
DA:6,5
DA:7,0
DA:15,5
DA:16,0
DA:24,5
DA:25,2
DA:33,5
DA:34,0
DA:50,5
DA:51,5
DA:52,5
DA:53,5
LF:13
LH:10
BRF:0
BRH:0
end_of_record
TN:
SF:src\routes\avaliacoesRouter.ts
FNF:0
FNH:0
DA:1,5
DA:2,5
DA:4,5
DA:15,5
DA:97,5
DA:98,5
DA:131,5
DA:194,5
DA:195,5
DA:196,5
DA:223,5
DA:251,5
DA:289,5
DA:291,5
LF:14
LH:14
BRF:0
BRH:0
end_of_record
TN:
SF:src\routes\respostasRouter.ts
FNF:0
FNH:0
DA:1,5
DA:2,5
DA:3,5
DA:5,5
DA:52,5
DA:90,5
DA:91,5
DA:123,5
DA:125,5
LF:9
LH:9
BRF:0
BRH:0
end_of_record
TN:
SF:src\services\avaliacoesService.ts
FN:17,(anonymous_10)
FN:24,(anonymous_11)
FN:31,(anonymous_12)
FN:42,(anonymous_13)
FN:50,(anonymous_14)
FN:56,(anonymous_15)
FN:65,(anonymous_16)
FN:66,(anonymous_17)
FN:69,(anonymous_18)
FN:73,(anonymous_19)
FN:81,(anonymous_20)
FN:135,(anonymous_21)
FN:136,(anonymous_22)
FN:138,(anonymous_23)
FN:142,(anonymous_24)
FN:143,(anonymous_25)
FN:149,(anonymous_26)
FN:153,(anonymous_27)
FN:156,(anonymous_28)
FN:229,(anonymous_29)
FN:236,(anonymous_30)
FN:253,(anonymous_31)
FN:290,(anonymous_32)
FN:295,(anonymous_33)
FN:323,(anonymous_34)
FN:332,(anonymous_35)
FN:338,(anonymous_36)
FN:341,(anonymous_37)
FN:348,(anonymous_38)
FN:350,(anonymous_39)
FN:353,(anonymous_40)
FN:404,(anonymous_41)
FN:410,(anonymous_42)
FN:457,(anonymous_43)
FN:458,(anonymous_44)
FN:459,(anonymous_45)
FN:460,(anonymous_46)
FN:463,(anonymous_47)
FN:472,(anonymous_48)
FN:485,(anonymous_49)
FN:499,(anonymous_50)
FN:505,(anonymous_51)
FN:518,(anonymous_52)
FN:538,(anonymous_53)
FN:558,(anonymous_54)
FN:572,(anonymous_55)
FNF:46
FNH:19
FNDA:3,(anonymous_10)
FNDA:0,(anonymous_11)
FNDA:0,(anonymous_12)
FNDA:1,(anonymous_13)
FNDA:0,(anonymous_14)
FNDA:0,(anonymous_15)
FNDA:3,(anonymous_16)
FNDA:3,(anonymous_17)
FNDA:2,(anonymous_18)
FNDA:1,(anonymous_19)
FNDA:4,(anonymous_20)
FNDA:1,(anonymous_21)
FNDA:1,(anonymous_22)
FNDA:1,(anonymous_23)
FNDA:1,(anonymous_24)
FNDA:1,(anonymous_25)
FNDA:0,(anonymous_26)
FNDA:0,(anonymous_27)
FNDA:1,(anonymous_28)
FNDA:0,(anonymous_29)
FNDA:0,(anonymous_30)
FNDA:1,(anonymous_31)
FNDA:1,(anonymous_32)
FNDA:0,(anonymous_33)
FNDA:0,(anonymous_34)
FNDA:0,(anonymous_35)
FNDA:0,(anonymous_36)
FNDA:0,(anonymous_37)
FNDA:0,(anonymous_38)
FNDA:0,(anonymous_39)
FNDA:1,(anonymous_40)
FNDA:2,(anonymous_41)
FNDA:0,(anonymous_42)
FNDA:0,(anonymous_43)
FNDA:0,(anonymous_44)
FNDA:0,(anonymous_45)
FNDA:0,(anonymous_46)
FNDA:0,(anonymous_47)
FNDA:0,(anonymous_48)
FNDA:0,(anonymous_49)
FNDA:1,(anonymous_50)
FNDA:1,(anonymous_51)
FNDA:0,(anonymous_52)
FNDA:0,(anonymous_53)
FNDA:0,(anonymous_54)
FNDA:0,(anonymous_55)
DA:1,5
DA:3,5
DA:4,5
DA:6,5
DA:7,5
DA:8,5
DA:9,5
DA:10,5
DA:12,5
DA:18,3
DA:25,0
DA:26,0
DA:27,0
DA:28,0
DA:32,0
DA:33,0
DA:35,0
DA:36,0
DA:37,0
DA:39,0
DA:43,1
DA:44,1
DA:45,1
DA:47,0
DA:51,0
DA:52,0
DA:53,0
DA:57,0
DA:58,0
DA:59,0
DA:66,3
DA:70,2
DA:73,1
DA:93,4
DA:95,4
DA:96,4
DA:99,4
DA:105,4
DA:106,3
DA:107,3
DA:109,3
DA:111,3
DA:112,2
DA:115,1
DA:116,1
DA:117,1
DA:120,1
DA:121,0
DA:124,1
DA:125,1
DA:126,1
DA:129,1
DA:135,1
DA:136,1
DA:138,1
DA:142,1
DA:143,1
DA:146,1
DA:150,0
DA:151,0
DA:152,0
DA:153,0
DA:157,1
DA:158,1
DA:159,0
DA:160,0
DA:161,0
DA:162,0
DA:164,0
DA:166,0
DA:167,0
DA:168,0
DA:169,0
DA:170,0
DA:171,0
DA:172,0
DA:173,0
DA:174,0
DA:177,0
DA:178,0
DA:179,0
DA:180,0
DA:181,0
DA:183,0
DA:184,0
DA:185,0
DA:186,0
DA:187,0
DA:188,0
DA:189,0
DA:193,0
DA:194,0
DA:195,0
DA:196,0
DA:197,0
DA:198,0
DA:199,0
DA:200,0
DA:201,0
DA:202,0
DA:206,0
DA:207,0
DA:208,0
DA:209,0
DA:210,0
DA:211,0
DA:212,0
DA:213,0
DA:214,0
DA:215,0
DA:216,0
DA:217,0
DA:218,0
DA:219,0
DA:222,0
DA:223,0
DA:224,0
DA:225,0
DA:226,0
DA:227,0
DA:228,0
DA:229,0
DA:230,0
DA:232,0
DA:235,0
DA:236,0
DA:237,0
DA:239,0
DA:242,0
DA:243,0
DA:244,0
DA:246,0
DA:250,1
DA:261,1
DA:262,1
DA:263,1
DA:265,1
DA:267,1
DA:268,0
DA:271,1
DA:272,0
DA:273,0
DA:278,0
DA:279,0
DA:280,0
DA:283,1
DA:284,1
DA:286,1
DA:288,1
DA:289,1
DA:290,1
DA:302,0
DA:303,0
DA:304,0
DA:305,0
DA:307,0
DA:316,0
DA:317,0
DA:320,0
DA:321,0
DA:323,0
DA:328,0
DA:329,0
DA:330,0
DA:332,0
DA:336,0
DA:338,0
DA:339,0
DA:340,0
DA:341,0
DA:343,0
DA:348,0
DA:350,0
DA:354,1
DA:355,1
DA:356,1
DA:358,1
DA:359,1
DA:360,0
DA:361,0
DA:362,0
DA:365,0
DA:367,0
DA:368,0
DA:370,0
DA:371,0
DA:372,0
DA:373,0
DA:376,0
DA:381,0
DA:390,0
DA:393,0
DA:396,0
DA:398,1
DA:399,1
DA:400,0
DA:405,2
DA:406,2
DA:407,2
DA:411,0
DA:412,0
DA:413,0
DA:415,0
DA:416,0
DA:417,0
DA:420,0
DA:422,0
DA:428,0
DA:429,0
DA:430,0
DA:432,0
DA:434,0
DA:435,0
DA:438,0
DA:439,0
DA:440,0
DA:443,0
DA:444,0
DA:447,0
DA:448,0
DA:449,0
DA:452,0
DA:457,0
DA:458,0
DA:459,0
DA:460,0
DA:463,0
DA:469,0
DA:473,0
DA:474,0
DA:476,0
DA:477,0
DA:478,0
DA:479,0
DA:482,0
DA:486,0
DA:487,0
DA:488,0
DA:490,0
DA:491,0
DA:492,0
DA:493,0
DA:494,0
DA:496,0
DA:500,1
DA:501,1
DA:502,1
DA:504,1
DA:505,1
DA:507,1
DA:508,1
DA:512,1
DA:515,1
DA:519,0
DA:520,0
DA:521,0
DA:522,0
DA:523,0
DA:524,0
DA:525,0
DA:526,0
DA:527,0
DA:528,0
DA:530,0
DA:531,0
DA:533,0
DA:535,0
DA:539,0
DA:540,0
DA:541,0
DA:543,0
DA:544,0
DA:547,0
DA:548,0
DA:551,0
DA:552,0
DA:555,0
DA:559,0
DA:560,0
DA:561,0
DA:565,0
DA:567,0
DA:568,0
DA:574,0
DA:575,0
DA:577,0
DA:578,0
DA:582,0
DA:584,0
DA:585,0
DA:590,5
LF:291
LH:75
BRDA:13,0,0,5
BRDA:13,0,1,0
BRDA:18,1,0,3
BRDA:18,1,1,0
BRDA:27,2,0,0
BRDA:27,2,1,0
BRDA:28,3,0,0
BRDA:28,3,1,0
BRDA:35,4,0,0
BRDA:36,5,0,0
BRDA:37,6,0,0
BRDA:43,7,0,1
BRDA:43,7,1,0
BRDA:44,8,0,1
BRDA:44,9,0,1
BRDA:44,9,1,1
BRDA:51,10,0,0
BRDA:52,11,0,0
BRDA:52,12,0,0
BRDA:52,12,1,0
BRDA:57,13,0,0
BRDA:57,13,1,0
BRDA:57,13,2,0
BRDA:57,13,3,0
BRDA:58,14,0,0
BRDA:58,14,1,0
BRDA:58,14,2,0
BRDA:58,14,3,0
BRDA:73,15,0,2
BRDA:73,15,1,0
BRDA:74,16,0,1
BRDA:74,16,1,0
BRDA:95,17,0,4
BRDA:95,17,1,0
BRDA:96,18,0,4
BRDA:96,18,1,0
BRDA:105,19,0,1
BRDA:106,20,0,0
BRDA:107,21,0,0
BRDA:111,22,0,2
BRDA:111,23,0,3
BRDA:111,23,1,3
BRDA:115,24,0,1
BRDA:117,25,0,0
BRDA:120,26,0,0
BRDA:120,27,0,1
BRDA:120,27,1,1
BRDA:124,28,0,1
BRDA:126,29,0,0
BRDA:159,30,0,0
BRDA:159,31,0,0
BRDA:159,31,1,0
BRDA:160,32,0,0
BRDA:160,32,1,0
BRDA:161,33,0,0
BRDA:161,33,1,0
BRDA:161,33,2,0
BRDA:162,34,0,0
BRDA:162,35,0,0
BRDA:162,35,1,0
BRDA:164,36,0,0
BRDA:164,36,1,0
BRDA:164,36,2,0
BRDA:164,36,3,0
BRDA:164,36,4,0
BRDA:164,36,5,0
BRDA:164,36,6,0
BRDA:164,36,7,0
BRDA:164,36,8,0
BRDA:167,37,0,0
BRDA:168,38,0,0
BRDA:168,38,1,0
BRDA:169,39,0,0
BRDA:169,39,1,0
BRDA:170,40,0,0
BRDA:170,40,1,0
BRDA:171,41,0,0
BRDA:171,41,1,0
BRDA:172,42,0,0
BRDA:172,42,1,0
BRDA:173,43,0,0
BRDA:179,44,0,0
BRDA:179,44,1,0
BRDA:180,45,0,0
BRDA:180,45,1,0
BRDA:181,46,0,0
BRDA:183,47,0,0
BRDA:183,47,1,0
BRDA:184,48,0,0
BRDA:184,48,1,0
BRDA:185,49,0,0
BRDA:185,49,1,0
BRDA:186,50,0,0
BRDA:186,50,1,0
BRDA:187,51,0,0
BRDA:187,51,1,0
BRDA:188,52,0,0
BRDA:196,53,0,0
BRDA:196,53,1,0
BRDA:197,54,0,0
BRDA:197,54,1,0
BRDA:198,55,0,0
BRDA:198,55,1,0
BRDA:199,56,0,0
BRDA:199,56,1,0
BRDA:200,57,0,0
BRDA:200,57,1,0
BRDA:201,58,0,0
BRDA:208,59,0,0
BRDA:211,60,0,0
BRDA:211,60,1,0
BRDA:212,61,0,0
BRDA:212,61,1,0
BRDA:213,62,0,0
BRDA:213,62,1,0
BRDA:214,63,0,0
BRDA:214,63,1,0
BRDA:215,64,0,0
BRDA:215,64,1,0
BRDA:216,65,0,0
BRDA:216,65,1,0
BRDA:217,66,0,0
BRDA:217,66,1,0
BRDA:218,67,0,0
BRDA:222,68,0,0
BRDA:222,68,1,0
BRDA:224,69,0,0
BRDA:225,70,0,0
BRDA:225,70,1,0
BRDA:227,71,0,0
BRDA:228,72,0,0
BRDA:229,73,0,0
BRDA:229,73,1,0
BRDA:230,74,0,0
BRDA:235,75,0,0
BRDA:236,76,0,0
BRDA:236,76,1,0
BRDA:237,77,0,0
BRDA:242,78,0,0
BRDA:243,79,0,0
BRDA:243,79,1,0
BRDA:244,80,0,0
BRDA:256,81,0,0
BRDA:267,82,0,0
BRDA:267,83,0,1
BRDA:267,83,1,0
BRDA:271,84,0,0
BRDA:279,85,0,0
BRDA:283,86,0,1
BRDA:283,86,1,0
BRDA:286,87,0,0
BRDA:286,87,1,1
BRDA:316,88,0,0
BRDA:316,89,0,0
BRDA:316,89,1,0
BRDA:328,90,0,0
BRDA:328,91,0,0
BRDA:328,91,1,0
BRDA:336,92,0,0
BRDA:356,93,0,0
BRDA:358,94,0,1
BRDA:360,95,0,0
BRDA:360,95,1,0
BRDA:361,96,0,0
BRDA:371,97,0,0
BRDA:371,97,1,0
BRDA:371,98,0,0
BRDA:371,98,1,0
BRDA:399,99,0,1
BRDA:412,100,0,0
BRDA:413,101,0,0
BRDA:416,102,0,0
BRDA:416,102,1,0
BRDA:417,103,0,0
BRDA:417,103,1,0
BRDA:428,104,0,0
BRDA:429,105,0,0
BRDA:430,106,0,0
BRDA:434,107,0,0
BRDA:434,108,0,0
BRDA:434,108,1,0
BRDA:438,109,0,0
BRDA:440,110,0,0
BRDA:443,111,0,0
BRDA:443,112,0,0
BRDA:443,112,1,0
BRDA:447,113,0,0
BRDA:449,114,0,0
BRDA:474,115,0,0
BRDA:476,116,0,0
BRDA:477,117,0,0
BRDA:478,118,0,0
BRDA:487,119,0,0
BRDA:488,120,0,0
BRDA:488,121,0,0
BRDA:488,121,1,0
BRDA:492,122,0,0
BRDA:493,123,0,0
BRDA:494,124,0,0
BRDA:501,125,0,0
BRDA:502,126,0,0
BRDA:507,127,0,1
BRDA:512,128,0,0
BRDA:512,129,0,1
BRDA:512,129,1,1
BRDA:520,130,0,0
BRDA:521,131,0,0
BRDA:522,132,0,0
BRDA:523,133,0,0
BRDA:524,134,0,0
BRDA:525,135,0,0
BRDA:526,136,0,0
BRDA:526,136,1,0
BRDA:527,137,0,0
BRDA:527,138,0,0
BRDA:527,138,1,0
BRDA:530,139,0,0
BRDA:530,140,0,0
BRDA:530,140,1,0
BRDA:533,141,0,0
BRDA:535,142,0,0
BRDA:543,143,0,0
BRDA:544,144,0,0
BRDA:544,144,1,0
BRDA:547,145,0,0
BRDA:551,146,0,0
BRDA:574,147,0,0
BRDA:574,147,1,0
BRF:228
BRH:26
end_of_record
TN:
SF:src\services\respostasService.ts
FN:12,(anonymous_10)
FN:142,(anonymous_11)
FN:162,(anonymous_12)
FN:174,(anonymous_13)
FN:175,(anonymous_14)
FN:182,(anonymous_15)
FN:210,(anonymous_16)
FN:228,(anonymous_17)
FN:243,(anonymous_18)
FN:265,(anonymous_19)
FN:273,(anonymous_20)
FN:298,(anonymous_21)
FN:299,(anonymous_22)
FN:301,(anonymous_23)
FN:308,(anonymous_24)
FN:312,(anonymous_25)
FN:313,(anonymous_26)
FN:316,(anonymous_27)
FN:323,(anonymous_28)
FN:330,(anonymous_29)
FN:347,(anonymous_30)
FN:362,(anonymous_31)
FN:376,(anonymous_32)
FN:380,(anonymous_33)
FN:381,(anonymous_34)
FN:388,(anonymous_35)
FN:428,(anonymous_36)
FN:429,(anonymous_37)
FN:432,(anonymous_38)
FN:435,(anonymous_39)
FN:450,(anonymous_40)
FN:455,(anonymous_41)
FN:466,(anonymous_42)
FN:467,(anonymous_43)
FN:472,(anonymous_44)
FNF:35
FNH:16
FNDA:9,(anonymous_10)
FNDA:4,(anonymous_11)
FNDA:3,(anonymous_12)
FNDA:2,(anonymous_13)
FNDA:0,(anonymous_14)
FNDA:3,(anonymous_15)
FNDA:5,(anonymous_16)
FNDA:0,(anonymous_17)
FNDA:2,(anonymous_18)
FNDA:0,(anonymous_19)
FNDA:0,(anonymous_20)
FNDA:3,(anonymous_21)
FNDA:3,(anonymous_22)
FNDA:4,(anonymous_23)
FNDA:0,(anonymous_24)
FNDA:0,(anonymous_25)
FNDA:0,(anonymous_26)
FNDA:0,(anonymous_27)
FNDA:0,(anonymous_28)
FNDA:2,(anonymous_29)
FNDA:1,(anonymous_30)
FNDA:1,(anonymous_31)
FNDA:1,(anonymous_32)
FNDA:2,(anonymous_33)
FNDA:2,(anonymous_34)
FNDA:0,(anonymous_35)
FNDA:0,(anonymous_36)
FNDA:0,(anonymous_37)
FNDA:0,(anonymous_38)
FNDA:0,(anonymous_39)
FNDA:0,(anonymous_40)
FNDA:0,(anonymous_41)
FNDA:0,(anonymous_42)
FNDA:0,(anonymous_43)
FNDA:0,(anonymous_44)
DA:1,5
DA:2,5
DA:4,5
DA:5,5
DA:6,5
DA:7,5
DA:9,5
DA:13,9
DA:16,9
DA:21,9
DA:27,9
DA:28,2
DA:32,7
DA:33,7
DA:34,7
DA:36,7
DA:37,0
DA:38,0
DA:39,0
DA:40,0
DA:41,0
DA:44,0
DA:49,0
DA:50,0
DA:53,0
DA:55,0
DA:59,0
DA:64,7
DA:65,7
DA:66,7
DA:67,7
DA:68,7
DA:71,7
DA:72,7
DA:73,7
DA:74,7
DA:75,7
DA:77,6
DA:78,6
DA:80,6
DA:81,6
DA:83,6
DA:84,2
DA:85,2
DA:86,2
DA:88,2
DA:89,2
DA:90,2
DA:92,2
DA:93,2
DA:94,2
DA:95,0
DA:98,2
DA:99,2
DA:100,0
DA:103,2
DA:116,4
DA:117,4
DA:118,4
DA:119,4
DA:120,0
DA:123,4
DA:124,4
DA:125,2
DA:128,2
DA:144,4
DA:162,4
DA:163,4
DA:164,4
DA:165,4
DA:166,4
DA:168,4
DA:173,4
DA:174,2
DA:175,0
DA:178,4
DA:179,4
DA:182,4
DA:183,3
DA:184,3
DA:186,3
DA:187,3
DA:189,3
DA:190,3
DA:192,3
DA:193,3
DA:200,3
DA:201,3
DA:208,3
DA:209,3
DA:210,3
DA:211,5
DA:214,3
DA:227,3
DA:228,0
DA:229,0
DA:238,3
DA:239,3
DA:243,4
DA:244,2
DA:245,2
DA:247,2
DA:248,2
DA:251,2
DA:252,2
DA:253,2
DA:256,2
DA:257,0
DA:258,0
DA:259,0
DA:260,0
DA:265,4
DA:266,0
DA:267,0
DA:269,0
DA:270,0
DA:271,0
DA:273,0
DA:274,0
DA:275,0
DA:278,0
DA:279,0
DA:280,0
DA:283,0
DA:285,0
DA:286,0
DA:287,0
DA:288,0
DA:291,0
DA:292,0
DA:298,4
DA:299,3
DA:300,3
DA:301,2
DA:302,4
DA:307,3
DA:308,3
DA:311,3
DA:312,0
DA:313,0
DA:314,0
DA:315,0
DA:316,0
DA:317,0
DA:322,0
DA:323,0
DA:328,4
DA:329,4
DA:330,4
DA:331,2
DA:332,2
DA:333,2
DA:334,2
DA:335,2
DA:336,2
DA:340,4
DA:349,1
DA:362,1
DA:365,1
DA:366,1
DA:367,1
DA:369,1
DA:375,1
DA:376,1
DA:377,1
DA:378,1
DA:380,2
DA:381,2
DA:386,1
DA:388,1
DA:389,0
DA:390,0
DA:391,0
DA:399,0
DA:400,0
DA:402,0
DA:403,0
DA:405,0
DA:407,0
DA:408,0
DA:410,0
DA:411,0
DA:418,0
DA:419,0
DA:422,0
DA:423,0
DA:425,0
DA:428,1
DA:429,1
DA:432,1
DA:433,0
DA:435,0
DA:444,0
DA:450,0
DA:452,1
DA:457,0
DA:460,0
DA:465,0
DA:466,0
DA:467,0
DA:470,0
DA:472,0
DA:473,0
DA:474,0
DA:475,0
DA:477,0
DA:487,5
LF:207
LH:128
BRDA:27,0,0,2
BRDA:36,1,0,0
BRDA:39,2,0,0
BRDA:44,3,0,0
BRDA:44,3,1,0
BRDA:49,4,0,0
BRDA:49,4,1,0
BRDA:53,5,0,0
BRDA:53,5,1,0
BRDA:67,6,0,7
BRDA:75,7,0,1
BRDA:78,8,0,0
BRDA:83,9,0,2
BRDA:83,9,1,4
BRDA:85,10,0,2
BRDA:85,10,1,0
BRDA:85,10,2,0
BRDA:86,11,0,0
BRDA:88,12,0,2
BRDA:88,12,1,2
BRDA:89,13,0,2
BRDA:89,13,1,0
BRDA:90,14,0,2
BRDA:90,14,1,0
BRDA:92,15,0,2
BRDA:92,15,1,0
BRDA:92,15,2,0
BRDA:94,16,0,0
BRDA:99,17,0,0
BRDA:99,18,0,2
BRDA:99,18,1,2
BRDA:112,19,0,2
BRDA:112,19,1,0
BRDA:112,19,2,0
BRDA:112,19,3,0
BRDA:117,20,0,4
BRDA:117,20,1,0
BRDA:117,20,2,0
BRDA:119,21,0,0
BRDA:124,22,0,2
BRDA:124,23,0,4
BRDA:124,23,1,4
BRDA:136,24,0,2
BRDA:136,24,1,2
BRDA:136,24,2,2
BRDA:142,25,0,2
BRDA:164,26,0,0
BRDA:165,27,0,0
BRDA:166,28,0,0
BRDA:184,29,0,0
BRDA:189,30,0,3
BRDA:189,30,1,0
BRDA:190,31,0,3
BRDA:190,31,1,0
BRDA:192,32,0,3
BRDA:194,33,0,3
BRDA:194,33,1,0
BRDA:195,34,0,3
BRDA:195,34,1,0
BRDA:200,35,0,3
BRDA:202,36,0,3
BRDA:202,36,1,0
BRDA:203,37,0,3
BRDA:203,37,1,0
BRDA:208,38,0,3
BRDA:208,38,1,0
BRDA:219,39,0,3
BRDA:219,39,1,0
BRDA:227,40,0,0
BRDA:227,41,0,3
BRDA:227,41,1,0
BRDA:245,42,0,0
BRDA:248,43,0,2
BRDA:248,43,1,2
BRDA:251,44,0,0
BRDA:256,45,0,0
BRDA:257,46,0,0
BRDA:258,47,0,0
BRDA:267,48,0,0
BRDA:267,49,0,0
BRDA:267,49,1,0
BRDA:271,50,0,0
BRDA:271,50,1,0
BRDA:274,51,0,0
BRDA:278,52,0,0
BRDA:283,53,0,0
BRDA:285,54,0,0
BRDA:286,55,0,0
BRDA:291,56,0,0
BRDA:300,57,0,2
BRDA:311,58,0,0
BRDA:315,59,0,0
BRDA:332,60,0,2
BRDA:334,61,0,0
BRDA:334,62,0,0
BRDA:334,62,1,0
BRDA:335,63,0,0
BRDA:335,64,0,0
BRDA:335,64,1,0
BRDA:336,65,0,0
BRDA:336,66,0,0
BRDA:336,66,1,0
BRDA:366,67,0,0
BRDA:367,68,0,0
BRDA:377,69,0,1
BRDA:377,69,1,0
BRDA:381,70,0,2
BRDA:381,70,1,0
BRDA:389,71,0,0
BRDA:389,71,1,0
BRDA:390,72,0,0
BRDA:400,73,0,0
BRDA:403,74,0,0
BRDA:410,75,0,0
BRDA:422,76,0,0
BRDA:433,77,0,0
BRDA:433,77,1,0
BRDA:439,78,0,0
BRDA:439,78,1,0
BRDA:473,79,0,0
BRDA:473,79,1,0
BRDA:474,80,0,0
BRDA:474,80,1,0
BRDA:475,81,0,0
BRDA:475,81,1,0
BRDA:481,82,0,0
BRDA:481,82,1,0
BRF:127
BRH:39
end_of_record
TN:
SF:src\services\universityTokenStore.ts
FN:3,normalizeEmail
FN:7,setUniversityToken
FN:11,getUniversityToken
FN:15,clearUniversityToken
FNF:4
FNH:0
FNDA:0,normalizeEmail
FNDA:0,setUniversityToken
FNDA:0,getUniversityToken
FNDA:0,clearUniversityToken
DA:1,5
DA:4,0
DA:8,0
DA:12,0
DA:16,0
DA:20,5
DA:21,5
DA:22,5
LF:8
LH:4
BRF:0
BRH:0
end_of_record
TN:
SF:src\utils\hashUtils.ts
FN:14,hashMatricula
FNF:1
FNH:1
FNDA:11,hashMatricula
DA:1,5
DA:14,5
DA:15,11
DA:16,11
DA:18,11
DA:19,11
DA:25,0
LF:7
LH:6
BRDA:15,0,0,0
BRDA:15,0,1,11
BRDA:18,1,0,11
BRDA:18,2,0,11
BRDA:18,2,1,11
BRF:5
BRH:4
end_of_record
TN:
SF:src\utils\normalizeQuestaoIds.ts
FN:13,normalizeQuestaoIds
FNF:1
FNH:0
FNDA:0,normalizeQuestaoIds
DA:1,5
DA:13,5
DA:14,0
DA:15,0
DA:17,0
DA:18,0
DA:19,0
DA:20,0
DA:22,0
DA:24,0
DA:25,0
DA:27,0
DA:28,0
DA:30,0
DA:34,0
DA:35,0
DA:43,0
LF:17
LH:2
BRDA:18,0,0,0
BRDA:18,1,0,0
BRDA:18,1,1,0
BRDA:25,2,0,0
BRDA:25,2,1,0
BRDA:27,3,0,0
BRDA:27,3,1,0
BRDA:34,4,0,0
BRF:8
BRH:0
end_of_record
TN:
SF:src\validators\avaliacoesValidator.ts
FNF:0
FNH:0
DA:1,5
DA:3,5
LF:2
LH:2
BRF:0
BRH:0
end_of_record
TN:
SF:src\validators\respostasValidator.ts
FNF:0
FNH:0
DA:1,5
DA:3,5
DA:16,5
LF:3
LH:3
BRF:0
BRH:0
end_of_record
